{"/home/runner/work/vscode-pets/vscode-pets/out/extension/extension.js":{"path":"/home/runner/work/vscode-pets/vscode-pets/out/extension/extension.js","statementMap":{"0":{"start":{"line":2,"column":0},"end":{"line":2,"column":62}},"1":{"start":{"line":3,"column":0},"end":{"line":3,"column":117}},"2":{"start":{"line":4,"column":15},"end":{"line":4,"column":32}},"3":{"start":{"line":5,"column":16},"end":{"line":5,"column":42}},"4":{"start":{"line":6,"column":16},"end":{"line":6,"column":42}},"5":{"start":{"line":7,"column":17},"end":{"line":7,"column":46}},"6":{"start":{"line":8,"column":15},"end":{"line":8,"column":39}},"7":{"start":{"line":9,"column":23},"end":{"line":9,"column":47}},"8":{"start":{"line":10,"column":29},"end":{"line":10,"column":54}},"9":{"start":{"line":11,"column":30},"end":{"line":11,"column":56}},"10":{"start":{"line":12,"column":29},"end":{"line":12,"column":54}},"11":{"start":{"line":13,"column":26},"end":{"line":13,"column":32}},"12":{"start":{"line":14,"column":22},"end":{"line":14,"column":29}},"13":{"start":{"line":15,"column":25},"end":{"line":15,"column":30}},"14":{"start":{"line":16,"column":25},"end":{"line":16,"column":32}},"15":{"start":{"line":17,"column":22},"end":{"line":17,"column":28}},"16":{"start":{"line":23,"column":8},"end":{"line":23,"column":27}},"17":{"start":{"line":24,"column":8},"end":{"line":24,"column":25}},"18":{"start":{"line":25,"column":8},"end":{"line":25,"column":27}},"19":{"start":{"line":26,"column":8},"end":{"line":26,"column":26}},"20":{"start":{"line":27,"column":8},"end":{"line":27,"column":27}},"21":{"start":{"line":28,"column":8},"end":{"line":28,"column":46}},"22":{"start":{"line":41,"column":15},"end":{"line":43,"column":42}},"23":{"start":{"line":44,"column":4},"end":{"line":46,"column":5}},"24":{"start":{"line":45,"column":8},"end":{"line":45,"column":33}},"25":{"start":{"line":47,"column":4},"end":{"line":47,"column":16}},"26":{"start":{"line":50,"column":16},"end":{"line":52,"column":36}},"27":{"start":{"line":53,"column":4},"end":{"line":55,"column":5}},"28":{"start":{"line":54,"column":8},"end":{"line":54,"column":30}},"29":{"start":{"line":56,"column":4},"end":{"line":56,"column":17}},"30":{"start":{"line":59,"column":4},"end":{"line":59,"column":47}},"31":{"start":{"line":62,"column":4},"end":{"line":64,"column":43}},"32":{"start":{"line":67,"column":4},"end":{"line":69,"column":41}},"33":{"start":{"line":72,"column":4},"end":{"line":74,"column":38}},"34":{"start":{"line":77,"column":18},"end":{"line":77,"column":31}},"35":{"start":{"line":78,"column":4},"end":{"line":80,"column":5}},"36":{"start":{"line":79,"column":8},"end":{"line":79,"column":70}},"37":{"start":{"line":83,"column":18},"end":{"line":83,"column":31}},"38":{"start":{"line":84,"column":4},"end":{"line":86,"column":5}},"39":{"start":{"line":85,"column":8},"end":{"line":85,"column":66}},"40":{"start":{"line":89,"column":4},"end":{"line":89,"column":107}},"41":{"start":{"line":97,"column":8},"end":{"line":97,"column":27}},"42":{"start":{"line":98,"column":8},"end":{"line":98,"column":25}},"43":{"start":{"line":99,"column":8},"end":{"line":99,"column":25}},"44":{"start":{"line":100,"column":8},"end":{"line":105,"column":9}},"45":{"start":{"line":101,"column":12},"end":{"line":101,"column":54}},"46":{"start":{"line":104,"column":12},"end":{"line":104,"column":29}},"47":{"start":{"line":108,"column":20},"end":{"line":110,"column":43}},"48":{"start":{"line":111,"column":8},"end":{"line":113,"column":9}},"49":{"start":{"line":112,"column":12},"end":{"line":112,"column":34}},"50":{"start":{"line":114,"column":19},"end":{"line":116,"column":45}},"51":{"start":{"line":117,"column":8},"end":{"line":119,"column":9}},"52":{"start":{"line":118,"column":12},"end":{"line":118,"column":36}},"53":{"start":{"line":120,"column":8},"end":{"line":120,"column":70}},"54":{"start":{"line":123,"column":27},"end":{"line":123,"column":76}},"55":{"start":{"line":124,"column":28},"end":{"line":124,"column":78}},"56":{"start":{"line":125,"column":27},"end":{"line":125,"column":76}},"57":{"start":{"line":126,"column":21},"end":{"line":126,"column":32}},"58":{"start":{"line":127,"column":8},"end":{"line":129,"column":9}},"59":{"start":{"line":127,"column":25},"end":{"line":127,"column":26}},"60":{"start":{"line":128,"column":12},"end":{"line":128,"column":135}},"61":{"start":{"line":130,"column":8},"end":{"line":130,"column":22}},"62":{"start":{"line":133,"column":0},"end":{"line":133,"column":44}},"63":{"start":{"line":135,"column":23},"end":{"line":135,"column":51}},"64":{"start":{"line":136,"column":24},"end":{"line":136,"column":52}},"65":{"start":{"line":137,"column":23},"end":{"line":137,"column":51}},"66":{"start":{"line":138,"column":4},"end":{"line":142,"column":5}},"67":{"start":{"line":138,"column":21},"end":{"line":138,"column":22}},"68":{"start":{"line":139,"column":8},"end":{"line":139,"column":53}},"69":{"start":{"line":140,"column":8},"end":{"line":140,"column":55}},"70":{"start":{"line":141,"column":8},"end":{"line":141,"column":53}},"71":{"start":{"line":143,"column":4},"end":{"line":143,"column":73}},"72":{"start":{"line":144,"column":4},"end":{"line":144,"column":75}},"73":{"start":{"line":145,"column":4},"end":{"line":145,"column":73}},"74":{"start":{"line":146,"column":4},"end":{"line":150,"column":7}},"75":{"start":{"line":152,"column":0},"end":{"line":152,"column":60}},"76":{"start":{"line":155,"column":18},"end":{"line":155,"column":25}},"77":{"start":{"line":156,"column":4},"end":{"line":172,"column":5}},"78":{"start":{"line":158,"column":12},"end":{"line":168,"column":15}},"79":{"start":{"line":159,"column":16},"end":{"line":161,"column":17}},"80":{"start":{"line":160,"column":20},"end":{"line":160,"column":27}},"81":{"start":{"line":162,"column":28},"end":{"line":162,"column":42}},"82":{"start":{"line":163,"column":16},"end":{"line":167,"column":19}},"83":{"start":{"line":169,"column":12},"end":{"line":169,"column":18}},"84":{"start":{"line":171,"column":12},"end":{"line":171,"column":19}},"85":{"start":{"line":173,"column":4},"end":{"line":175,"column":5}},"86":{"start":{"line":174,"column":8},"end":{"line":174,"column":15}},"87":{"start":{"line":176,"column":4},"end":{"line":179,"column":5}},"88":{"start":{"line":177,"column":8},"end":{"line":177,"column":92}},"89":{"start":{"line":178,"column":8},"end":{"line":178,"column":15}},"90":{"start":{"line":180,"column":4},"end":{"line":201,"column":7}},"91":{"start":{"line":182,"column":8},"end":{"line":182,"column":67}},"92":{"start":{"line":187,"column":8},"end":{"line":200,"column":9}},"93":{"start":{"line":188,"column":26},"end":{"line":188,"column":39}},"94":{"start":{"line":189,"column":12},"end":{"line":199,"column":13}},"95":{"start":{"line":190,"column":16},"end":{"line":190,"column":63}},"96":{"start":{"line":191,"column":35},"end":{"line":197,"column":18}},"97":{"start":{"line":193,"column":20},"end":{"line":193,"column":50}},"98":{"start":{"line":196,"column":20},"end":{"line":196,"column":113}},"99":{"start":{"line":198,"column":16},"end":{"line":198,"column":65}},"100":{"start":{"line":204,"column":4},"end":{"line":213,"column":5}},"101":{"start":{"line":206,"column":8},"end":{"line":206,"column":35}},"102":{"start":{"line":208,"column":9},"end":{"line":213,"column":5}},"103":{"start":{"line":209,"column":8},"end":{"line":209,"column":37}},"104":{"start":{"line":212,"column":8},"end":{"line":212,"column":25}},"105":{"start":{"line":216,"column":4},"end":{"line":222,"column":5}},"106":{"start":{"line":218,"column":8},"end":{"line":218,"column":48}},"107":{"start":{"line":220,"column":9},"end":{"line":222,"column":5}},"108":{"start":{"line":221,"column":8},"end":{"line":221,"column":50}},"109":{"start":{"line":225,"column":4},"end":{"line":242,"column":8}},"110":{"start":{"line":226,"column":8},"end":{"line":241,"column":9}},"111":{"start":{"line":228,"column":12},"end":{"line":228,"column":67}},"112":{"start":{"line":231,"column":25},"end":{"line":231,"column":61}},"113":{"start":{"line":232,"column":12},"end":{"line":232,"column":207}},"114":{"start":{"line":233,"column":12},"end":{"line":240,"column":13}},"115":{"start":{"line":234,"column":33},"end":{"line":234,"column":101}},"116":{"start":{"line":235,"column":16},"end":{"line":237,"column":19}},"117":{"start":{"line":236,"column":20},"end":{"line":236,"column":58}},"118":{"start":{"line":239,"column":16},"end":{"line":239,"column":68}},"119":{"start":{"line":243,"column":4},"end":{"line":243,"column":96}},"120":{"start":{"line":244,"column":4},"end":{"line":244,"column":56}},"121":{"start":{"line":245,"column":4},"end":{"line":245,"column":50}},"122":{"start":{"line":246,"column":4},"end":{"line":246,"column":91}},"123":{"start":{"line":247,"column":4},"end":{"line":247,"column":94}},"124":{"start":{"line":248,"column":4},"end":{"line":248,"column":106}},"125":{"start":{"line":249,"column":4},"end":{"line":249,"column":22}},"126":{"start":{"line":250,"column":17},"end":{"line":250,"column":53}},"127":{"start":{"line":251,"column":4},"end":{"line":251,"column":226}},"128":{"start":{"line":252,"column":4},"end":{"line":254,"column":7}},"129":{"start":{"line":253,"column":8},"end":{"line":253,"column":25}},"130":{"start":{"line":255,"column":4},"end":{"line":255,"column":128}},"131":{"start":{"line":256,"column":4},"end":{"line":261,"column":8}},"132":{"start":{"line":257,"column":22},"end":{"line":257,"column":35}},"133":{"start":{"line":258,"column":8},"end":{"line":260,"column":9}},"134":{"start":{"line":259,"column":12},"end":{"line":259,"column":30}},"135":{"start":{"line":262,"column":4},"end":{"line":271,"column":8}},"136":{"start":{"line":263,"column":22},"end":{"line":263,"column":35}},"137":{"start":{"line":264,"column":8},"end":{"line":270,"column":9}},"138":{"start":{"line":265,"column":12},"end":{"line":265,"column":29}},"139":{"start":{"line":266,"column":12},"end":{"line":266,"column":79}},"140":{"start":{"line":269,"column":12},"end":{"line":269,"column":47}},"141":{"start":{"line":272,"column":4},"end":{"line":280,"column":8}},"142":{"start":{"line":273,"column":22},"end":{"line":273,"column":35}},"143":{"start":{"line":274,"column":8},"end":{"line":279,"column":9}},"144":{"start":{"line":275,"column":12},"end":{"line":275,"column":29}},"145":{"start":{"line":278,"column":12},"end":{"line":278,"column":47}},"146":{"start":{"line":281,"column":4},"end":{"line":305,"column":8}},"147":{"start":{"line":282,"column":21},"end":{"line":282,"column":89}},"148":{"start":{"line":283,"column":24},"end":{"line":283,"column":53}},"149":{"start":{"line":284,"column":25},"end":{"line":284,"column":50}},"150":{"start":{"line":285,"column":8},"end":{"line":288,"column":9}},"151":{"start":{"line":286,"column":12},"end":{"line":286,"column":124}},"152":{"start":{"line":287,"column":12},"end":{"line":287,"column":19}},"153":{"start":{"line":289,"column":25},"end":{"line":289,"column":96}},"154":{"start":{"line":290,"column":23},"end":{"line":293,"column":10}},"155":{"start":{"line":294,"column":8},"end":{"line":304,"column":11}},"156":{"start":{"line":297,"column":12},"end":{"line":303,"column":15}},"157":{"start":{"line":300,"column":16},"end":{"line":302,"column":19}},"158":{"start":{"line":301,"column":20},"end":{"line":301,"column":68}},"159":{"start":{"line":306,"column":4},"end":{"line":338,"column":8}},"160":{"start":{"line":307,"column":24},"end":{"line":313,"column":9}},"161":{"start":{"line":314,"column":24},"end":{"line":314,"column":67}},"162":{"start":{"line":315,"column":8},"end":{"line":337,"column":9}},"163":{"start":{"line":316,"column":12},"end":{"line":316,"column":63}},"164":{"start":{"line":317,"column":12},"end":{"line":336,"column":13}},"165":{"start":{"line":318,"column":37},"end":{"line":318,"column":83}},"166":{"start":{"line":319,"column":35},"end":{"line":319,"column":104}},"167":{"start":{"line":321,"column":33},"end":{"line":321,"column":101}},"168":{"start":{"line":323,"column":30},"end":{"line":323,"column":43}},"169":{"start":{"line":324,"column":16},"end":{"line":331,"column":17}},"170":{"start":{"line":324,"column":29},"end":{"line":324,"column":30}},"171":{"start":{"line":325,"column":32},"end":{"line":325,"column":45}},"172":{"start":{"line":326,"column":36},"end":{"line":326,"column":135}},"173":{"start":{"line":327,"column":20},"end":{"line":327,"column":45}},"174":{"start":{"line":328,"column":20},"end":{"line":330,"column":21}},"175":{"start":{"line":329,"column":24},"end":{"line":329,"column":48}},"176":{"start":{"line":332,"column":16},"end":{"line":332,"column":68}},"177":{"start":{"line":335,"column":16},"end":{"line":335,"column":110}},"178":{"start":{"line":339,"column":23},"end":{"line":347,"column":5}},"179":{"start":{"line":340,"column":8},"end":{"line":346,"column":9}},"180":{"start":{"line":341,"column":12},"end":{"line":341,"column":48}},"181":{"start":{"line":342,"column":12},"end":{"line":342,"column":24}},"182":{"start":{"line":345,"column":12},"end":{"line":345,"column":25}},"183":{"start":{"line":348,"column":27},"end":{"line":362,"column":5}},"184":{"start":{"line":349,"column":8},"end":{"line":355,"column":9}},"185":{"start":{"line":350,"column":31},"end":{"line":350,"column":54}},"186":{"start":{"line":351,"column":33},"end":{"line":351,"column":118}},"187":{"start":{"line":352,"column":12},"end":{"line":354,"column":13}},"188":{"start":{"line":353,"column":16},"end":{"line":353,"column":36}},"189":{"start":{"line":356,"column":24},"end":{"line":356,"column":95}},"190":{"start":{"line":357,"column":8},"end":{"line":359,"column":9}},"191":{"start":{"line":358,"column":12},"end":{"line":358,"column":27}},"192":{"start":{"line":361,"column":8},"end":{"line":361,"column":77}},"193":{"start":{"line":363,"column":4},"end":{"line":429,"column":8}},"194":{"start":{"line":364,"column":22},"end":{"line":364,"column":35}},"195":{"start":{"line":365,"column":8},"end":{"line":368,"column":9}},"196":{"start":{"line":367,"column":12},"end":{"line":367,"column":67}},"197":{"start":{"line":369,"column":8},"end":{"line":428,"column":9}},"198":{"start":{"line":371,"column":35},"end":{"line":376,"column":16}},"199":{"start":{"line":373,"column":37},"end":{"line":376,"column":13}},"200":{"start":{"line":377,"column":36},"end":{"line":379,"column":14}},"201":{"start":{"line":380,"column":12},"end":{"line":383,"column":13}},"202":{"start":{"line":381,"column":16},"end":{"line":381,"column":77}},"203":{"start":{"line":382,"column":16},"end":{"line":382,"column":23}},"204":{"start":{"line":384,"column":27},"end":{"line":384,"column":40}},"205":{"start":{"line":385,"column":35},"end":{"line":385,"column":85}},"206":{"start":{"line":386,"column":12},"end":{"line":404,"column":13}},"207":{"start":{"line":387,"column":44},"end":{"line":392,"column":20}},"208":{"start":{"line":389,"column":41},"end":{"line":392,"column":17}},"209":{"start":{"line":393,"column":36},"end":{"line":395,"column":18}},"210":{"start":{"line":396,"column":16},"end":{"line":399,"column":17}},"211":{"start":{"line":397,"column":20},"end":{"line":397,"column":82}},"212":{"start":{"line":398,"column":20},"end":{"line":398,"column":27}},"213":{"start":{"line":400,"column":16},"end":{"line":400,"column":47}},"214":{"start":{"line":403,"column":16},"end":{"line":403,"column":45}},"215":{"start":{"line":405,"column":12},"end":{"line":408,"column":13}},"216":{"start":{"line":406,"column":16},"end":{"line":406,"column":78}},"217":{"start":{"line":407,"column":16},"end":{"line":407,"column":23}},"218":{"start":{"line":409,"column":25},"end":{"line":413,"column":14}},"219":{"start":{"line":414,"column":25},"end":{"line":414,"column":105}},"220":{"start":{"line":415,"column":12},"end":{"line":420,"column":13}},"221":{"start":{"line":416,"column":16},"end":{"line":416,"column":97}},"222":{"start":{"line":418,"column":17},"end":{"line":420,"column":13}},"223":{"start":{"line":419,"column":16},"end":{"line":419,"column":37}},"224":{"start":{"line":421,"column":29},"end":{"line":421,"column":97}},"225":{"start":{"line":422,"column":12},"end":{"line":422,"column":34}},"226":{"start":{"line":423,"column":12},"end":{"line":423,"column":64}},"227":{"start":{"line":426,"column":12},"end":{"line":426,"column":47}},"228":{"start":{"line":427,"column":12},"end":{"line":427,"column":177}},"229":{"start":{"line":430,"column":4},"end":{"line":440,"column":8}},"230":{"start":{"line":431,"column":22},"end":{"line":431,"column":35}},"231":{"start":{"line":432,"column":8},"end":{"line":439,"column":9}},"232":{"start":{"line":433,"column":12},"end":{"line":433,"column":30}},"233":{"start":{"line":434,"column":12},"end":{"line":434,"column":56}},"234":{"start":{"line":437,"column":12},"end":{"line":437,"column":47}},"235":{"start":{"line":438,"column":12},"end":{"line":438,"column":174}},"236":{"start":{"line":442,"column":4},"end":{"line":467,"column":8}},"237":{"start":{"line":443,"column":8},"end":{"line":457,"column":9}},"238":{"start":{"line":448,"column":25},"end":{"line":448,"column":61}},"239":{"start":{"line":449,"column":26},"end":{"line":449,"column":39}},"240":{"start":{"line":450,"column":12},"end":{"line":456,"column":13}},"241":{"start":{"line":451,"column":16},"end":{"line":451,"column":49}},"242":{"start":{"line":452,"column":16},"end":{"line":452,"column":47}},"243":{"start":{"line":453,"column":16},"end":{"line":453,"column":47}},"244":{"start":{"line":454,"column":16},"end":{"line":454,"column":82}},"245":{"start":{"line":455,"column":16},"end":{"line":455,"column":31}},"246":{"start":{"line":458,"column":8},"end":{"line":460,"column":9}},"247":{"start":{"line":459,"column":12},"end":{"line":459,"column":50}},"248":{"start":{"line":461,"column":8},"end":{"line":463,"column":9}},"249":{"start":{"line":462,"column":12},"end":{"line":462,"column":40}},"250":{"start":{"line":464,"column":8},"end":{"line":466,"column":9}},"251":{"start":{"line":465,"column":12},"end":{"line":465,"column":40}},"252":{"start":{"line":468,"column":4},"end":{"line":478,"column":5}},"253":{"start":{"line":470,"column":8},"end":{"line":477,"column":11}},"254":{"start":{"line":473,"column":16},"end":{"line":473,"column":87}},"255":{"start":{"line":474,"column":29},"end":{"line":474,"column":65}},"256":{"start":{"line":475,"column":16},"end":{"line":475,"column":219}},"257":{"start":{"line":480,"column":0},"end":{"line":480,"column":28}},"258":{"start":{"line":482,"column":4},"end":{"line":482,"column":43}},"259":{"start":{"line":483,"column":4},"end":{"line":483,"column":59}},"260":{"start":{"line":484,"column":4},"end":{"line":484,"column":29}},"261":{"start":{"line":487,"column":4},"end":{"line":487,"column":32}},"262":{"start":{"line":489,"column":0},"end":{"line":489,"column":48}},"263":{"start":{"line":491,"column":4},"end":{"line":496,"column":6}},"264":{"start":{"line":500,"column":19},"end":{"line":500,"column":21}},"265":{"start":{"line":510,"column":8},"end":{"line":510,"column":42}},"266":{"start":{"line":511,"column":8},"end":{"line":511,"column":31}},"267":{"start":{"line":512,"column":8},"end":{"line":512,"column":29}},"268":{"start":{"line":513,"column":8},"end":{"line":513,"column":29}},"269":{"start":{"line":514,"column":8},"end":{"line":514,"column":28}},"270":{"start":{"line":515,"column":8},"end":{"line":515,"column":36}},"271":{"start":{"line":516,"column":8},"end":{"line":516,"column":54}},"272":{"start":{"line":517,"column":8},"end":{"line":517,"column":46}},"273":{"start":{"line":518,"column":8},"end":{"line":520,"column":16}},"274":{"start":{"line":519,"column":12},"end":{"line":519,"column":24}},"275":{"start":{"line":523,"column":8},"end":{"line":523,"column":73}},"276":{"start":{"line":526,"column":8},"end":{"line":526,"column":29}},"277":{"start":{"line":529,"column":8},"end":{"line":529,"column":29}},"278":{"start":{"line":532,"column":8},"end":{"line":532,"column":27}},"279":{"start":{"line":535,"column":8},"end":{"line":535,"column":31}},"280":{"start":{"line":538,"column":8},"end":{"line":538,"column":40}},"281":{"start":{"line":541,"column":8},"end":{"line":541,"column":36}},"282":{"start":{"line":544,"column":8},"end":{"line":544,"column":34}},"283":{"start":{"line":547,"column":8},"end":{"line":547,"column":32}},"284":{"start":{"line":550,"column":8},"end":{"line":550,"column":32}},"285":{"start":{"line":553,"column":8},"end":{"line":553,"column":31}},"286":{"start":{"line":554,"column":8},"end":{"line":554,"column":36}},"287":{"start":{"line":557,"column":8},"end":{"line":557,"column":53}},"288":{"start":{"line":558,"column":8},"end":{"line":561,"column":11}},"289":{"start":{"line":564,"column":8},"end":{"line":564,"column":46}},"290":{"start":{"line":565,"column":8},"end":{"line":568,"column":11}},"291":{"start":{"line":571,"column":8},"end":{"line":573,"column":11}},"292":{"start":{"line":576,"column":8},"end":{"line":578,"column":11}},"293":{"start":{"line":581,"column":8},"end":{"line":586,"column":11}},"294":{"start":{"line":587,"column":8},"end":{"line":590,"column":11}},"295":{"start":{"line":593,"column":8},"end":{"line":593,"column":69}},"296":{"start":{"line":596,"column":8},"end":{"line":596,"column":69}},"297":{"start":{"line":599,"column":8},"end":{"line":604,"column":11}},"298":{"start":{"line":607,"column":8},"end":{"line":607,"column":43}},"299":{"start":{"line":610,"column":24},"end":{"line":610,"column":41}},"300":{"start":{"line":611,"column":8},"end":{"line":611,"column":56}},"301":{"start":{"line":616,"column":33},"end":{"line":616,"column":99}},"302":{"start":{"line":618,"column":26},"end":{"line":618,"column":64}},"303":{"start":{"line":620,"column":31},"end":{"line":620,"column":92}},"304":{"start":{"line":621,"column":35},"end":{"line":621,"column":95}},"305":{"start":{"line":622,"column":35},"end":{"line":622,"column":131}},"306":{"start":{"line":624,"column":31},"end":{"line":624,"column":67}},"307":{"start":{"line":625,"column":30},"end":{"line":625,"column":70}},"308":{"start":{"line":627,"column":27},"end":{"line":627,"column":97}},"309":{"start":{"line":629,"column":22},"end":{"line":629,"column":32}},"310":{"start":{"line":630,"column":8},"end":{"line":663,"column":12}},"311":{"start":{"line":666,"column":8},"end":{"line":666,"column":43}},"312":{"start":{"line":670,"column":8},"end":{"line":675,"column":9}},"313":{"start":{"line":671,"column":22},"end":{"line":671,"column":45}},"314":{"start":{"line":672,"column":12},"end":{"line":674,"column":13}},"315":{"start":{"line":673,"column":16},"end":{"line":673,"column":28}},"316":{"start":{"line":676,"column":8},"end":{"line":679,"column":9}},"317":{"start":{"line":677,"column":12},"end":{"line":677,"column":48}},"318":{"start":{"line":678,"column":12},"end":{"line":678,"column":45}},"319":{"start":{"line":683,"column":4},"end":{"line":690,"column":5}},"320":{"start":{"line":685,"column":12},"end":{"line":685,"column":62}},"321":{"start":{"line":686,"column":12},"end":{"line":686,"column":19}},"322":{"start":{"line":688,"column":12},"end":{"line":688,"column":68}},"323":{"start":{"line":689,"column":12},"end":{"line":689,"column":19}},"324":{"start":{"line":700,"column":22},"end":{"line":700,"column":33}},"325":{"start":{"line":703,"column":23},"end":{"line":705,"column":23}},"326":{"start":{"line":707,"column":8},"end":{"line":720,"column":9}},"327":{"start":{"line":708,"column":12},"end":{"line":719,"column":13}},"328":{"start":{"line":711,"column":16},"end":{"line":711,"column":60}},"329":{"start":{"line":712,"column":16},"end":{"line":712,"column":23}},"330":{"start":{"line":715,"column":16},"end":{"line":715,"column":63}},"331":{"start":{"line":716,"column":16},"end":{"line":716,"column":61}},"332":{"start":{"line":717,"column":16},"end":{"line":717,"column":61}},"333":{"start":{"line":718,"column":16},"end":{"line":718,"column":47}},"334":{"start":{"line":722,"column":22},"end":{"line":722,"column":157}},"335":{"start":{"line":723,"column":8},"end":{"line":723,"column":148}},"336":{"start":{"line":726,"column":8},"end":{"line":726,"column":148}},"337":{"start":{"line":729,"column":8},"end":{"line":729,"column":101}},"338":{"start":{"line":730,"column":8},"end":{"line":730,"column":28}},"339":{"start":{"line":732,"column":8},"end":{"line":732,"column":23}},"340":{"start":{"line":735,"column":8},"end":{"line":735,"column":80}},"341":{"start":{"line":735,"column":39},"end":{"line":735,"column":53}},"342":{"start":{"line":737,"column":8},"end":{"line":739,"column":36}},"343":{"start":{"line":738,"column":12},"end":{"line":738,"column":26}},"344":{"start":{"line":741,"column":8},"end":{"line":741,"column":95}},"345":{"start":{"line":744,"column":8},"end":{"line":746,"column":9}},"346":{"start":{"line":745,"column":12},"end":{"line":745,"column":68}},"347":{"start":{"line":749,"column":8},"end":{"line":749,"column":42}},"348":{"start":{"line":751,"column":8},"end":{"line":751,"column":30}},"349":{"start":{"line":752,"column":8},"end":{"line":752,"column":24}},"350":{"start":{"line":755,"column":8},"end":{"line":757,"column":9}},"351":{"start":{"line":756,"column":12},"end":{"line":756,"column":27}},"352":{"start":{"line":760,"column":8},"end":{"line":760,"column":35}},"353":{"start":{"line":767,"column":22},"end":{"line":767,"column":32}},"354":{"start":{"line":770,"column":8},"end":{"line":770,"column":40}},"355":{"start":{"line":771,"column":8},"end":{"line":771,"column":76}},"356":{"start":{"line":772,"column":8},"end":{"line":772,"column":80}},"357":{"start":{"line":773,"column":8},"end":{"line":773,"column":95}},"358":{"start":{"line":776,"column":8},"end":{"line":778,"column":9}},"359":{"start":{"line":777,"column":12},"end":{"line":777,"column":68}},"360":{"start":{"line":781,"column":8},"end":{"line":786,"column":9}},"361":{"start":{"line":782,"column":12},"end":{"line":782,"column":128}},"362":{"start":{"line":785,"column":12},"end":{"line":785,"column":45}},"363":{"start":{"line":789,"column":8},"end":{"line":789,"column":38}},"364":{"start":{"line":790,"column":8},"end":{"line":790,"column":24}},"365":{"start":{"line":794,"column":15},"end":{"line":794,"column":17}},"366":{"start":{"line":795,"column":21},"end":{"line":795,"column":85}},"367":{"start":{"line":796,"column":4},"end":{"line":798,"column":5}},"368":{"start":{"line":796,"column":17},"end":{"line":796,"column":18}},"369":{"start":{"line":797,"column":8},"end":{"line":797,"column":77}},"370":{"start":{"line":799,"column":4},"end":{"line":799,"column":16}},"371":{"start":{"line":802,"column":17},"end":{"line":802,"column":53}},"372":{"start":{"line":803,"column":4},"end":{"line":803,"column":199}},"373":{"start":{"line":804,"column":4},"end":{"line":815,"column":5}},"374":{"start":{"line":805,"column":25},"end":{"line":805,"column":93}},"375":{"start":{"line":806,"column":8},"end":{"line":808,"column":11}},"376":{"start":{"line":807,"column":12},"end":{"line":807,"column":50}},"377":{"start":{"line":809,"column":8},"end":{"line":809,"column":60}},"378":{"start":{"line":812,"column":25},"end":{"line":812,"column":93}},"379":{"start":{"line":813,"column":8},"end":{"line":813,"column":30}},"380":{"start":{"line":814,"column":8},"end":{"line":814,"column":60}}},"fnMap":{"0":{"name":"(anonymous_0)","decl":{"start":{"line":22,"column":4},"end":{"line":22,"column":5}},"loc":{"start":{"line":22,"column":36},"end":{"line":29,"column":5}},"line":22},"1":{"name":"getConfiguredSize","decl":{"start":{"line":40,"column":9},"end":{"line":40,"column":26}},"loc":{"start":{"line":40,"column":29},"end":{"line":48,"column":1}},"line":40},"2":{"name":"getConfiguredTheme","decl":{"start":{"line":49,"column":9},"end":{"line":49,"column":27}},"loc":{"start":{"line":49,"column":30},"end":{"line":57,"column":1}},"line":49},"3":{"name":"getConfiguredThemeKind","decl":{"start":{"line":58,"column":9},"end":{"line":58,"column":31}},"loc":{"start":{"line":58,"column":34},"end":{"line":60,"column":1}},"line":58},"4":{"name":"getConfigurationPosition","decl":{"start":{"line":61,"column":9},"end":{"line":61,"column":33}},"loc":{"start":{"line":61,"column":36},"end":{"line":65,"column":1}},"line":61},"5":{"name":"getThrowWithMouseConfiguration","decl":{"start":{"line":66,"column":9},"end":{"line":66,"column":39}},"loc":{"start":{"line":66,"column":42},"end":{"line":70,"column":1}},"line":66},"6":{"name":"getEffectsDisabledConfiguration","decl":{"start":{"line":71,"column":9},"end":{"line":71,"column":40}},"loc":{"start":{"line":71,"column":43},"end":{"line":75,"column":1}},"line":71},"7":{"name":"updatePanelDisableEffects","decl":{"start":{"line":76,"column":9},"end":{"line":76,"column":34}},"loc":{"start":{"line":76,"column":37},"end":{"line":81,"column":1}},"line":76},"8":{"name":"updatePanelThrowWithMouse","decl":{"start":{"line":82,"column":9},"end":{"line":82,"column":34}},"loc":{"start":{"line":82,"column":37},"end":{"line":87,"column":1}},"line":82},"9":{"name":"updateExtensionPositionContext","decl":{"start":{"line":88,"column":15},"end":{"line":88,"column":45}},"loc":{"start":{"line":88,"column":48},"end":{"line":90,"column":1}},"line":88},"10":{"name":"(anonymous_10)","decl":{"start":{"line":96,"column":4},"end":{"line":96,"column":5}},"loc":{"start":{"line":96,"column":41},"end":{"line":106,"column":5}},"line":96},"11":{"name":"(anonymous_11)","decl":{"start":{"line":107,"column":4},"end":{"line":107,"column":5}},"loc":{"start":{"line":107,"column":31},"end":{"line":121,"column":5}},"line":107},"12":{"name":"(anonymous_12)","decl":{"start":{"line":122,"column":4},"end":{"line":122,"column":5}},"loc":{"start":{"line":122,"column":48},"end":{"line":131,"column":5}},"line":122},"13":{"name":"storeCollectionAsMemento","decl":{"start":{"line":134,"column":15},"end":{"line":134,"column":39}},"loc":{"start":{"line":134,"column":61},"end":{"line":151,"column":1}},"line":134},"14":{"name":"handleRemovePetMessage","decl":{"start":{"line":154,"column":15},"end":{"line":154,"column":37}},"loc":{"start":{"line":154,"column":47},"end":{"line":202,"column":1}},"line":154},"15":{"name":"(anonymous_15)","decl":{"start":{"line":158,"column":45},"end":{"line":158,"column":46}},"loc":{"start":{"line":158,"column":54},"end":{"line":168,"column":13}},"line":158},"16":{"name":"(anonymous_16)","decl":{"start":{"line":181,"column":35},"end":{"line":181,"column":36}},"loc":{"start":{"line":181,"column":44},"end":{"line":183,"column":5}},"line":181},"17":{"name":"(anonymous_17)","decl":{"start":{"line":186,"column":14},"end":{"line":186,"column":15}},"loc":{"start":{"line":186,"column":29},"end":{"line":201,"column":5}},"line":186},"18":{"name":"(anonymous_18)","decl":{"start":{"line":192,"column":28},"end":{"line":192,"column":29}},"loc":{"start":{"line":192,"column":38},"end":{"line":194,"column":17}},"line":192},"19":{"name":"(anonymous_19)","decl":{"start":{"line":195,"column":25},"end":{"line":195,"column":26}},"loc":{"start":{"line":195,"column":35},"end":{"line":197,"column":17}},"line":195},"20":{"name":"getPetPanel","decl":{"start":{"line":203,"column":9},"end":{"line":203,"column":20}},"loc":{"start":{"line":203,"column":23},"end":{"line":214,"column":1}},"line":203},"21":{"name":"getWebview","decl":{"start":{"line":215,"column":9},"end":{"line":215,"column":19}},"loc":{"start":{"line":215,"column":22},"end":{"line":223,"column":1}},"line":215},"22":{"name":"activate","decl":{"start":{"line":224,"column":9},"end":{"line":224,"column":17}},"loc":{"start":{"line":224,"column":27},"end":{"line":479,"column":1}},"line":224},"23":{"name":"(anonymous_23)","decl":{"start":{"line":225,"column":84},"end":{"line":225,"column":85}},"loc":{"start":{"line":225,"column":96},"end":{"line":242,"column":5}},"line":225},"24":{"name":"(anonymous_24)","decl":{"start":{"line":235,"column":35},"end":{"line":235,"column":36}},"loc":{"start":{"line":235,"column":45},"end":{"line":237,"column":17}},"line":235},"25":{"name":"(anonymous_25)","decl":{"start":{"line":252,"column":43},"end":{"line":252,"column":44}},"loc":{"start":{"line":252,"column":50},"end":{"line":254,"column":5}},"line":252},"26":{"name":"(anonymous_26)","decl":{"start":{"line":256,"column":89},"end":{"line":256,"column":90}},"loc":{"start":{"line":256,"column":95},"end":{"line":261,"column":5}},"line":256},"27":{"name":"(anonymous_27)","decl":{"start":{"line":262,"column":89},"end":{"line":262,"column":90}},"loc":{"start":{"line":262,"column":101},"end":{"line":271,"column":5}},"line":262},"28":{"name":"(anonymous_28)","decl":{"start":{"line":272,"column":88},"end":{"line":272,"column":89}},"loc":{"start":{"line":272,"column":100},"end":{"line":280,"column":5}},"line":272},"29":{"name":"(anonymous_29)","decl":{"start":{"line":281,"column":94},"end":{"line":281,"column":95}},"loc":{"start":{"line":281,"column":106},"end":{"line":305,"column":5}},"line":281},"30":{"name":"(anonymous_30)","decl":{"start":{"line":296,"column":18},"end":{"line":296,"column":19}},"loc":{"start":{"line":296,"column":33},"end":{"line":304,"column":9}},"line":296},"31":{"name":"(anonymous_31)","decl":{"start":{"line":299,"column":22},"end":{"line":299,"column":23}},"loc":{"start":{"line":299,"column":40},"end":{"line":303,"column":13}},"line":299},"32":{"name":"(anonymous_32)","decl":{"start":{"line":300,"column":34},"end":{"line":300,"column":35}},"loc":{"start":{"line":300,"column":44},"end":{"line":302,"column":17}},"line":300},"33":{"name":"(anonymous_33)","decl":{"start":{"line":306,"column":94},"end":{"line":306,"column":95}},"loc":{"start":{"line":306,"column":106},"end":{"line":338,"column":5}},"line":306},"34":{"name":"(anonymous_34)","decl":{"start":{"line":339,"column":23},"end":{"line":339,"column":24}},"loc":{"start":{"line":339,"column":38},"end":{"line":347,"column":5}},"line":339},"35":{"name":"(anonymous_35)","decl":{"start":{"line":348,"column":27},"end":{"line":348,"column":28}},"loc":{"start":{"line":348,"column":53},"end":{"line":362,"column":5}},"line":348},"36":{"name":"(anonymous_36)","decl":{"start":{"line":363,"column":88},"end":{"line":363,"column":89}},"loc":{"start":{"line":363,"column":100},"end":{"line":429,"column":5}},"line":363},"37":{"name":"(anonymous_37)","decl":{"start":{"line":373,"column":21},"end":{"line":373,"column":22}},"loc":{"start":{"line":373,"column":37},"end":{"line":376,"column":13}},"line":373},"38":{"name":"(anonymous_38)","decl":{"start":{"line":389,"column":25},"end":{"line":389,"column":26}},"loc":{"start":{"line":389,"column":41},"end":{"line":392,"column":17}},"line":389},"39":{"name":"(anonymous_39)","decl":{"start":{"line":430,"column":94},"end":{"line":430,"column":95}},"loc":{"start":{"line":430,"column":106},"end":{"line":440,"column":5}},"line":430},"40":{"name":"(anonymous_40)","decl":{"start":{"line":442,"column":73},"end":{"line":442,"column":74}},"loc":{"start":{"line":442,"column":80},"end":{"line":467,"column":5}},"line":442},"41":{"name":"(anonymous_41)","decl":{"start":{"line":471,"column":12},"end":{"line":471,"column":13}},"loc":{"start":{"line":471,"column":56},"end":{"line":476,"column":13}},"line":471},"42":{"name":"updateStatusBar","decl":{"start":{"line":481,"column":9},"end":{"line":481,"column":24}},"loc":{"start":{"line":481,"column":27},"end":{"line":485,"column":1}},"line":481},"43":{"name":"spawnPetDeactivate","decl":{"start":{"line":486,"column":9},"end":{"line":486,"column":27}},"loc":{"start":{"line":486,"column":30},"end":{"line":488,"column":1}},"line":486},"44":{"name":"getWebviewOptions","decl":{"start":{"line":490,"column":9},"end":{"line":490,"column":26}},"loc":{"start":{"line":490,"column":41},"end":{"line":497,"column":1}},"line":490},"45":{"name":"(anonymous_45)","decl":{"start":{"line":509,"column":4},"end":{"line":509,"column":5}},"loc":{"start":{"line":509,"column":103},"end":{"line":521,"column":5}},"line":509},"46":{"name":"(anonymous_46)","decl":{"start":{"line":518,"column":43},"end":{"line":518,"column":44}},"loc":{"start":{"line":518,"column":49},"end":{"line":520,"column":9}},"line":518},"47":{"name":"(anonymous_47)","decl":{"start":{"line":522,"column":4},"end":{"line":522,"column":5}},"loc":{"start":{"line":522,"column":15},"end":{"line":524,"column":5}},"line":522},"48":{"name":"(anonymous_48)","decl":{"start":{"line":525,"column":4},"end":{"line":525,"column":5}},"loc":{"start":{"line":525,"column":14},"end":{"line":527,"column":5}},"line":525},"49":{"name":"(anonymous_49)","decl":{"start":{"line":528,"column":4},"end":{"line":528,"column":5}},"loc":{"start":{"line":528,"column":14},"end":{"line":530,"column":5}},"line":528},"50":{"name":"(anonymous_50)","decl":{"start":{"line":531,"column":4},"end":{"line":531,"column":5}},"loc":{"start":{"line":531,"column":12},"end":{"line":533,"column":5}},"line":531},"51":{"name":"(anonymous_51)","decl":{"start":{"line":534,"column":4},"end":{"line":534,"column":5}},"loc":{"start":{"line":534,"column":16},"end":{"line":536,"column":5}},"line":534},"52":{"name":"(anonymous_52)","decl":{"start":{"line":537,"column":4},"end":{"line":537,"column":5}},"loc":{"start":{"line":537,"column":25},"end":{"line":539,"column":5}},"line":537},"53":{"name":"(anonymous_53)","decl":{"start":{"line":540,"column":4},"end":{"line":540,"column":5}},"loc":{"start":{"line":540,"column":21},"end":{"line":542,"column":5}},"line":540},"54":{"name":"(anonymous_54)","decl":{"start":{"line":543,"column":4},"end":{"line":543,"column":5}},"loc":{"start":{"line":543,"column":29},"end":{"line":545,"column":5}},"line":543},"55":{"name":"(anonymous_55)","decl":{"start":{"line":546,"column":4},"end":{"line":546,"column":5}},"loc":{"start":{"line":546,"column":27},"end":{"line":548,"column":5}},"line":546},"56":{"name":"(anonymous_56)","decl":{"start":{"line":549,"column":4},"end":{"line":549,"column":5}},"loc":{"start":{"line":549,"column":27},"end":{"line":551,"column":5}},"line":549},"57":{"name":"(anonymous_57)","decl":{"start":{"line":552,"column":4},"end":{"line":552,"column":5}},"loc":{"start":{"line":552,"column":37},"end":{"line":555,"column":5}},"line":552},"58":{"name":"(anonymous_58)","decl":{"start":{"line":556,"column":4},"end":{"line":556,"column":5}},"loc":{"start":{"line":556,"column":41},"end":{"line":562,"column":5}},"line":556},"59":{"name":"(anonymous_59)","decl":{"start":{"line":563,"column":4},"end":{"line":563,"column":5}},"loc":{"start":{"line":563,"column":41},"end":{"line":569,"column":5}},"line":563},"60":{"name":"(anonymous_60)","decl":{"start":{"line":570,"column":4},"end":{"line":570,"column":5}},"loc":{"start":{"line":570,"column":16},"end":{"line":574,"column":5}},"line":570},"61":{"name":"(anonymous_61)","decl":{"start":{"line":575,"column":4},"end":{"line":575,"column":5}},"loc":{"start":{"line":575,"column":16},"end":{"line":579,"column":5}},"line":575},"62":{"name":"(anonymous_62)","decl":{"start":{"line":580,"column":4},"end":{"line":580,"column":5}},"loc":{"start":{"line":580,"column":19},"end":{"line":591,"column":5}},"line":580},"63":{"name":"(anonymous_63)","decl":{"start":{"line":592,"column":4},"end":{"line":592,"column":5}},"loc":{"start":{"line":592,"column":15},"end":{"line":594,"column":5}},"line":592},"64":{"name":"(anonymous_64)","decl":{"start":{"line":595,"column":4},"end":{"line":595,"column":5}},"loc":{"start":{"line":595,"column":15},"end":{"line":597,"column":5}},"line":595},"65":{"name":"(anonymous_65)","decl":{"start":{"line":598,"column":4},"end":{"line":598,"column":5}},"loc":{"start":{"line":598,"column":42},"end":{"line":605,"column":5}},"line":598},"66":{"name":"(anonymous_66)","decl":{"start":{"line":606,"column":4},"end":{"line":606,"column":5}},"loc":{"start":{"line":606,"column":17},"end":{"line":608,"column":5}},"line":606},"67":{"name":"(anonymous_67)","decl":{"start":{"line":609,"column":4},"end":{"line":609,"column":5}},"loc":{"start":{"line":609,"column":14},"end":{"line":612,"column":5}},"line":609},"68":{"name":"(anonymous_68)","decl":{"start":{"line":613,"column":4},"end":{"line":613,"column":5}},"loc":{"start":{"line":613,"column":13},"end":{"line":613,"column":16}},"line":613},"69":{"name":"(anonymous_69)","decl":{"start":{"line":614,"column":4},"end":{"line":614,"column":5}},"loc":{"start":{"line":614,"column":32},"end":{"line":664,"column":5}},"line":614},"70":{"name":"(anonymous_70)","decl":{"start":{"line":665,"column":4},"end":{"line":665,"column":5}},"loc":{"start":{"line":665,"column":11},"end":{"line":667,"column":5}},"line":665},"71":{"name":"(anonymous_71)","decl":{"start":{"line":668,"column":4},"end":{"line":668,"column":5}},"loc":{"start":{"line":668,"column":14},"end":{"line":680,"column":5}},"line":668},"72":{"name":"handleWebviewMessage","decl":{"start":{"line":682,"column":9},"end":{"line":682,"column":29}},"loc":{"start":{"line":682,"column":39},"end":{"line":691,"column":1}},"line":682},"73":{"name":"(anonymous_73)","decl":{"start":{"line":702,"column":4},"end":{"line":702,"column":5}},"loc":{"start":{"line":702,"column":120},"end":{"line":724,"column":5}},"line":702},"74":{"name":"(anonymous_74)","decl":{"start":{"line":725,"column":4},"end":{"line":725,"column":5}},"loc":{"start":{"line":725,"column":121},"end":{"line":727,"column":5}},"line":725},"75":{"name":"(anonymous_75)","decl":{"start":{"line":728,"column":4},"end":{"line":728,"column":5}},"loc":{"start":{"line":728,"column":110},"end":{"line":742,"column":5}},"line":728},"76":{"name":"(anonymous_76)","decl":{"start":{"line":735,"column":33},"end":{"line":735,"column":34}},"loc":{"start":{"line":735,"column":39},"end":{"line":735,"column":53}},"line":735},"77":{"name":"(anonymous_77)","decl":{"start":{"line":737,"column":41},"end":{"line":737,"column":42}},"loc":{"start":{"line":737,"column":47},"end":{"line":739,"column":9}},"line":737},"78":{"name":"(anonymous_78)","decl":{"start":{"line":743,"column":4},"end":{"line":743,"column":5}},"loc":{"start":{"line":743,"column":11},"end":{"line":747,"column":5}},"line":743},"79":{"name":"(anonymous_79)","decl":{"start":{"line":748,"column":4},"end":{"line":748,"column":5}},"loc":{"start":{"line":748,"column":14},"end":{"line":753,"column":5}},"line":748},"80":{"name":"(anonymous_80)","decl":{"start":{"line":754,"column":4},"end":{"line":754,"column":5}},"loc":{"start":{"line":754,"column":13},"end":{"line":758,"column":5}},"line":754},"81":{"name":"(anonymous_81)","decl":{"start":{"line":759,"column":4},"end":{"line":759,"column":5}},"loc":{"start":{"line":759,"column":17},"end":{"line":761,"column":5}},"line":759},"82":{"name":"(anonymous_82)","decl":{"start":{"line":769,"column":4},"end":{"line":769,"column":5}},"loc":{"start":{"line":769,"column":36},"end":{"line":774,"column":5}},"line":769},"83":{"name":"(anonymous_83)","decl":{"start":{"line":775,"column":4},"end":{"line":775,"column":5}},"loc":{"start":{"line":775,"column":11},"end":{"line":779,"column":5}},"line":775},"84":{"name":"(anonymous_84)","decl":{"start":{"line":780,"column":4},"end":{"line":780,"column":5}},"loc":{"start":{"line":780,"column":17},"end":{"line":787,"column":5}},"line":780},"85":{"name":"(anonymous_85)","decl":{"start":{"line":788,"column":4},"end":{"line":788,"column":5}},"loc":{"start":{"line":788,"column":14},"end":{"line":791,"column":5}},"line":788},"86":{"name":"getNonce","decl":{"start":{"line":793,"column":9},"end":{"line":793,"column":17}},"loc":{"start":{"line":793,"column":20},"end":{"line":800,"column":1}},"line":793},"87":{"name":"createPetPlayground","decl":{"start":{"line":801,"column":15},"end":{"line":801,"column":34}},"loc":{"start":{"line":801,"column":44},"end":{"line":816,"column":1}},"line":801},"88":{"name":"(anonymous_88)","decl":{"start":{"line":806,"column":27},"end":{"line":806,"column":28}},"loc":{"start":{"line":806,"column":37},"end":{"line":808,"column":9}},"line":806}},"branchMap":{"0":{"loc":{"start":{"line":44,"column":4},"end":{"line":46,"column":5}},"type":"if","locations":[{"start":{"line":44,"column":4},"end":{"line":46,"column":5}},{"start":{"line":44,"column":4},"end":{"line":46,"column":5}}],"line":44},"1":{"loc":{"start":{"line":53,"column":4},"end":{"line":55,"column":5}},"type":"if","locations":[{"start":{"line":53,"column":4},"end":{"line":55,"column":5}},{"start":{"line":53,"column":4},"end":{"line":55,"column":5}}],"line":53},"2":{"loc":{"start":{"line":78,"column":4},"end":{"line":80,"column":5}},"type":"if","locations":[{"start":{"line":78,"column":4},"end":{"line":80,"column":5}},{"start":{"line":78,"column":4},"end":{"line":80,"column":5}}],"line":78},"3":{"loc":{"start":{"line":84,"column":4},"end":{"line":86,"column":5}},"type":"if","locations":[{"start":{"line":84,"column":4},"end":{"line":86,"column":5}},{"start":{"line":84,"column":4},"end":{"line":86,"column":5}}],"line":84},"4":{"loc":{"start":{"line":100,"column":8},"end":{"line":105,"column":9}},"type":"if","locations":[{"start":{"line":100,"column":8},"end":{"line":105,"column":9}},{"start":{"line":100,"column":8},"end":{"line":105,"column":9}}],"line":100},"5":{"loc":{"start":{"line":111,"column":8},"end":{"line":113,"column":9}},"type":"if","locations":[{"start":{"line":111,"column":8},"end":{"line":113,"column":9}},{"start":{"line":111,"column":8},"end":{"line":113,"column":9}}],"line":111},"6":{"loc":{"start":{"line":117,"column":8},"end":{"line":119,"column":9}},"type":"if","locations":[{"start":{"line":117,"column":8},"end":{"line":119,"column":9}},{"start":{"line":117,"column":8},"end":{"line":119,"column":9}}],"line":117},"7":{"loc":{"start":{"line":128,"column":45},"end":{"line":128,"column":84}},"type":"binary-expr","locations":[{"start":{"line":128,"column":45},"end":{"line":128,"column":67}},{"start":{"line":128,"column":71},"end":{"line":128,"column":84}}],"line":128},"8":{"loc":{"start":{"line":156,"column":4},"end":{"line":172,"column":5}},"type":"switch","locations":[{"start":{"line":157,"column":8},"end":{"line":169,"column":18}},{"start":{"line":170,"column":8},"end":{"line":171,"column":19}}],"line":156},"9":{"loc":{"start":{"line":159,"column":16},"end":{"line":161,"column":17}},"type":"if","locations":[{"start":{"line":159,"column":16},"end":{"line":161,"column":17}},{"start":{"line":159,"column":16},"end":{"line":161,"column":17}}],"line":159},"10":{"loc":{"start":{"line":173,"column":4},"end":{"line":175,"column":5}},"type":"if","locations":[{"start":{"line":173,"column":4},"end":{"line":175,"column":5}},{"start":{"line":173,"column":4},"end":{"line":175,"column":5}}],"line":173},"11":{"loc":{"start":{"line":176,"column":4},"end":{"line":179,"column":5}},"type":"if","locations":[{"start":{"line":176,"column":4},"end":{"line":179,"column":5}},{"start":{"line":176,"column":4},"end":{"line":179,"column":5}}],"line":176},"12":{"loc":{"start":{"line":187,"column":8},"end":{"line":200,"column":9}},"type":"if","locations":[{"start":{"line":187,"column":8},"end":{"line":200,"column":9}},{"start":{"line":187,"column":8},"end":{"line":200,"column":9}}],"line":187},"13":{"loc":{"start":{"line":189,"column":12},"end":{"line":199,"column":13}},"type":"if","locations":[{"start":{"line":189,"column":12},"end":{"line":199,"column":13}},{"start":{"line":189,"column":12},"end":{"line":199,"column":13}}],"line":189},"14":{"loc":{"start":{"line":204,"column":4},"end":{"line":213,"column":5}},"type":"if","locations":[{"start":{"line":204,"column":4},"end":{"line":213,"column":5}},{"start":{"line":204,"column":4},"end":{"line":213,"column":5}}],"line":204},"15":{"loc":{"start":{"line":204,"column":8},"end":{"line":205,"column":27}},"type":"binary-expr","locations":[{"start":{"line":204,"column":8},"end":{"line":204,"column":49}},{"start":{"line":205,"column":8},"end":{"line":205,"column":27}}],"line":204},"16":{"loc":{"start":{"line":208,"column":9},"end":{"line":213,"column":5}},"type":"if","locations":[{"start":{"line":208,"column":9},"end":{"line":213,"column":5}},{"start":{"line":208,"column":9},"end":{"line":213,"column":5}}],"line":208},"17":{"loc":{"start":{"line":216,"column":4},"end":{"line":222,"column":5}},"type":"if","locations":[{"start":{"line":216,"column":4},"end":{"line":222,"column":5}},{"start":{"line":216,"column":4},"end":{"line":222,"column":5}}],"line":216},"18":{"loc":{"start":{"line":216,"column":8},"end":{"line":217,"column":27}},"type":"binary-expr","locations":[{"start":{"line":216,"column":8},"end":{"line":216,"column":49}},{"start":{"line":217,"column":8},"end":{"line":217,"column":27}}],"line":216},"19":{"loc":{"start":{"line":220,"column":9},"end":{"line":222,"column":5}},"type":"if","locations":[{"start":{"line":220,"column":9},"end":{"line":222,"column":5}},{"start":{"line":220,"column":9},"end":{"line":222,"column":5}}],"line":220},"20":{"loc":{"start":{"line":226,"column":8},"end":{"line":241,"column":9}},"type":"if","locations":[{"start":{"line":226,"column":8},"end":{"line":241,"column":9}},{"start":{"line":226,"column":8},"end":{"line":241,"column":9}}],"line":226},"21":{"loc":{"start":{"line":226,"column":12},"end":{"line":227,"column":31}},"type":"binary-expr","locations":[{"start":{"line":226,"column":12},"end":{"line":226,"column":53}},{"start":{"line":227,"column":12},"end":{"line":227,"column":31}}],"line":226},"22":{"loc":{"start":{"line":233,"column":12},"end":{"line":240,"column":13}},"type":"if","locations":[{"start":{"line":233,"column":12},"end":{"line":240,"column":13}},{"start":{"line":233,"column":12},"end":{"line":240,"column":13}}],"line":233},"23":{"loc":{"start":{"line":258,"column":8},"end":{"line":260,"column":9}},"type":"if","locations":[{"start":{"line":258,"column":8},"end":{"line":260,"column":9}},{"start":{"line":258,"column":8},"end":{"line":260,"column":9}}],"line":258},"24":{"loc":{"start":{"line":264,"column":8},"end":{"line":270,"column":9}},"type":"if","locations":[{"start":{"line":264,"column":8},"end":{"line":270,"column":9}},{"start":{"line":264,"column":8},"end":{"line":270,"column":9}}],"line":264},"25":{"loc":{"start":{"line":274,"column":8},"end":{"line":279,"column":9}},"type":"if","locations":[{"start":{"line":274,"column":8},"end":{"line":279,"column":9}},{"start":{"line":274,"column":8},"end":{"line":279,"column":9}}],"line":274},"26":{"loc":{"start":{"line":285,"column":8},"end":{"line":288,"column":9}},"type":"if","locations":[{"start":{"line":285,"column":8},"end":{"line":288,"column":9}},{"start":{"line":285,"column":8},"end":{"line":288,"column":9}}],"line":285},"27":{"loc":{"start":{"line":315,"column":8},"end":{"line":337,"column":9}},"type":"if","locations":[{"start":{"line":315,"column":8},"end":{"line":337,"column":9}},{"start":{"line":315,"column":8},"end":{"line":337,"column":9}}],"line":315},"28":{"loc":{"start":{"line":315,"column":12},"end":{"line":315,"column":33}},"type":"binary-expr","locations":[{"start":{"line":315,"column":12},"end":{"line":315,"column":19}},{"start":{"line":315,"column":23},"end":{"line":315,"column":33}}],"line":315},"29":{"loc":{"start":{"line":328,"column":20},"end":{"line":330,"column":21}},"type":"if","locations":[{"start":{"line":328,"column":20},"end":{"line":330,"column":21}},{"start":{"line":328,"column":20},"end":{"line":330,"column":21}}],"line":328},"30":{"loc":{"start":{"line":349,"column":8},"end":{"line":355,"column":9}},"type":"if","locations":[{"start":{"line":349,"column":8},"end":{"line":355,"column":9}},{"start":{"line":349,"column":8},"end":{"line":355,"column":9}}],"line":349},"31":{"loc":{"start":{"line":352,"column":12},"end":{"line":354,"column":13}},"type":"if","locations":[{"start":{"line":352,"column":12},"end":{"line":354,"column":13}},{"start":{"line":352,"column":12},"end":{"line":354,"column":13}}],"line":352},"32":{"loc":{"start":{"line":357,"column":8},"end":{"line":359,"column":9}},"type":"if","locations":[{"start":{"line":357,"column":8},"end":{"line":359,"column":9}},{"start":{"line":357,"column":8},"end":{"line":359,"column":9}}],"line":357},"33":{"loc":{"start":{"line":365,"column":8},"end":{"line":368,"column":9}},"type":"if","locations":[{"start":{"line":365,"column":8},"end":{"line":368,"column":9}},{"start":{"line":365,"column":8},"end":{"line":368,"column":9}}],"line":365},"34":{"loc":{"start":{"line":365,"column":12},"end":{"line":366,"column":31}},"type":"binary-expr","locations":[{"start":{"line":365,"column":12},"end":{"line":365,"column":53}},{"start":{"line":366,"column":12},"end":{"line":366,"column":31}}],"line":365},"35":{"loc":{"start":{"line":369,"column":8},"end":{"line":428,"column":9}},"type":"if","locations":[{"start":{"line":369,"column":8},"end":{"line":428,"column":9}},{"start":{"line":369,"column":8},"end":{"line":428,"column":9}}],"line":369},"36":{"loc":{"start":{"line":380,"column":12},"end":{"line":383,"column":13}},"type":"if","locations":[{"start":{"line":380,"column":12},"end":{"line":383,"column":13}},{"start":{"line":380,"column":12},"end":{"line":383,"column":13}}],"line":380},"37":{"loc":{"start":{"line":386,"column":12},"end":{"line":404,"column":13}},"type":"if","locations":[{"start":{"line":386,"column":12},"end":{"line":404,"column":13}},{"start":{"line":386,"column":12},"end":{"line":404,"column":13}}],"line":386},"38":{"loc":{"start":{"line":396,"column":16},"end":{"line":399,"column":17}},"type":"if","locations":[{"start":{"line":396,"column":16},"end":{"line":399,"column":17}},{"start":{"line":396,"column":16},"end":{"line":399,"column":17}}],"line":396},"39":{"loc":{"start":{"line":405,"column":12},"end":{"line":408,"column":13}},"type":"if","locations":[{"start":{"line":405,"column":12},"end":{"line":408,"column":13}},{"start":{"line":405,"column":12},"end":{"line":408,"column":13}}],"line":405},"40":{"loc":{"start":{"line":415,"column":12},"end":{"line":420,"column":13}},"type":"if","locations":[{"start":{"line":415,"column":12},"end":{"line":420,"column":13}},{"start":{"line":415,"column":12},"end":{"line":420,"column":13}}],"line":415},"41":{"loc":{"start":{"line":415,"column":16},"end":{"line":415,"column":55}},"type":"binary-expr","locations":[{"start":{"line":415,"column":16},"end":{"line":415,"column":26}},{"start":{"line":415,"column":30},"end":{"line":415,"column":41}},{"start":{"line":415,"column":45},"end":{"line":415,"column":55}}],"line":415},"42":{"loc":{"start":{"line":418,"column":17},"end":{"line":420,"column":13}},"type":"if","locations":[{"start":{"line":418,"column":17},"end":{"line":420,"column":13}},{"start":{"line":418,"column":17},"end":{"line":420,"column":13}}],"line":418},"43":{"loc":{"start":{"line":432,"column":8},"end":{"line":439,"column":9}},"type":"if","locations":[{"start":{"line":432,"column":8},"end":{"line":439,"column":9}},{"start":{"line":432,"column":8},"end":{"line":439,"column":9}}],"line":432},"44":{"loc":{"start":{"line":443,"column":8},"end":{"line":457,"column":9}},"type":"if","locations":[{"start":{"line":443,"column":8},"end":{"line":457,"column":9}},{"start":{"line":443,"column":8},"end":{"line":457,"column":9}}],"line":443},"45":{"loc":{"start":{"line":443,"column":12},"end":{"line":447,"column":58}},"type":"binary-expr","locations":[{"start":{"line":443,"column":12},"end":{"line":443,"column":58}},{"start":{"line":444,"column":12},"end":{"line":444,"column":57}},{"start":{"line":445,"column":12},"end":{"line":445,"column":57}},{"start":{"line":446,"column":12},"end":{"line":446,"column":55}},{"start":{"line":447,"column":12},"end":{"line":447,"column":58}}],"line":443},"46":{"loc":{"start":{"line":450,"column":12},"end":{"line":456,"column":13}},"type":"if","locations":[{"start":{"line":450,"column":12},"end":{"line":456,"column":13}},{"start":{"line":450,"column":12},"end":{"line":456,"column":13}}],"line":450},"47":{"loc":{"start":{"line":458,"column":8},"end":{"line":460,"column":9}},"type":"if","locations":[{"start":{"line":458,"column":8},"end":{"line":460,"column":9}},{"start":{"line":458,"column":8},"end":{"line":460,"column":9}}],"line":458},"48":{"loc":{"start":{"line":461,"column":8},"end":{"line":463,"column":9}},"type":"if","locations":[{"start":{"line":461,"column":8},"end":{"line":463,"column":9}},{"start":{"line":461,"column":8},"end":{"line":463,"column":9}}],"line":461},"49":{"loc":{"start":{"line":464,"column":8},"end":{"line":466,"column":9}},"type":"if","locations":[{"start":{"line":464,"column":8},"end":{"line":466,"column":9}},{"start":{"line":464,"column":8},"end":{"line":466,"column":9}}],"line":464},"50":{"loc":{"start":{"line":468,"column":4},"end":{"line":478,"column":5}},"type":"if","locations":[{"start":{"line":468,"column":4},"end":{"line":478,"column":5}},{"start":{"line":468,"column":4},"end":{"line":478,"column":5}}],"line":468},"51":{"loc":{"start":{"line":672,"column":12},"end":{"line":674,"column":13}},"type":"if","locations":[{"start":{"line":672,"column":12},"end":{"line":674,"column":13}},{"start":{"line":672,"column":12},"end":{"line":674,"column":13}}],"line":672},"52":{"loc":{"start":{"line":676,"column":8},"end":{"line":679,"column":9}},"type":"if","locations":[{"start":{"line":676,"column":8},"end":{"line":679,"column":9}},{"start":{"line":676,"column":8},"end":{"line":679,"column":9}}],"line":676},"53":{"loc":{"start":{"line":683,"column":4},"end":{"line":690,"column":5}},"type":"switch","locations":[{"start":{"line":684,"column":8},"end":{"line":686,"column":19}},{"start":{"line":687,"column":8},"end":{"line":689,"column":19}}],"line":683},"54":{"loc":{"start":{"line":703,"column":23},"end":{"line":705,"column":23}},"type":"cond-expr","locations":[{"start":{"line":704,"column":14},"end":{"line":704,"column":55}},{"start":{"line":705,"column":14},"end":{"line":705,"column":23}}],"line":703},"55":{"loc":{"start":{"line":707,"column":8},"end":{"line":720,"column":9}},"type":"if","locations":[{"start":{"line":707,"column":8},"end":{"line":720,"column":9}},{"start":{"line":707,"column":8},"end":{"line":720,"column":9}}],"line":707},"56":{"loc":{"start":{"line":708,"column":12},"end":{"line":719,"column":13}},"type":"if","locations":[{"start":{"line":708,"column":12},"end":{"line":719,"column":13}},{"start":{"line":708,"column":12},"end":{"line":719,"column":13}}],"line":708},"57":{"loc":{"start":{"line":708,"column":16},"end":{"line":710,"column":59}},"type":"binary-expr","locations":[{"start":{"line":708,"column":16},"end":{"line":708,"column":61}},{"start":{"line":709,"column":16},"end":{"line":709,"column":59}},{"start":{"line":710,"column":16},"end":{"line":710,"column":59}}],"line":708},"58":{"loc":{"start":{"line":744,"column":8},"end":{"line":746,"column":9}},"type":"if","locations":[{"start":{"line":744,"column":8},"end":{"line":746,"column":9}},{"start":{"line":744,"column":8},"end":{"line":746,"column":9}}],"line":744},"59":{"loc":{"start":{"line":755,"column":8},"end":{"line":757,"column":9}},"type":"if","locations":[{"start":{"line":755,"column":8},"end":{"line":757,"column":9}},{"start":{"line":755,"column":8},"end":{"line":757,"column":9}}],"line":755},"60":{"loc":{"start":{"line":776,"column":8},"end":{"line":778,"column":9}},"type":"if","locations":[{"start":{"line":776,"column":8},"end":{"line":778,"column":9}},{"start":{"line":776,"column":8},"end":{"line":778,"column":9}}],"line":776},"61":{"loc":{"start":{"line":781,"column":8},"end":{"line":786,"column":9}},"type":"if","locations":[{"start":{"line":781,"column":8},"end":{"line":786,"column":9}},{"start":{"line":781,"column":8},"end":{"line":786,"column":9}}],"line":781},"62":{"loc":{"start":{"line":804,"column":4},"end":{"line":815,"column":5}},"type":"if","locations":[{"start":{"line":804,"column":4},"end":{"line":815,"column":5}},{"start":{"line":804,"column":4},"end":{"line":815,"column":5}}],"line":804}},"s":{"0":1,"1":1,"2":1,"3":1,"4":1,"5":1,"6":1,"7":1,"8":1,"9":1,"10":1,"11":1,"12":1,"13":1,"14":1,"15":1,"16":0,"17":0,"18":0,"19":0,"20":0,"21":0,"22":1,"23":1,"24":0,"25":1,"26":1,"27":1,"28":0,"29":1,"30":1,"31":1,"32":1,"33":1,"34":0,"35":0,"36":0,"37":0,"38":0,"39":0,"40":1,"41":1,"42":1,"43":1,"44":1,"45":1,"46":0,"47":1,"48":1,"49":0,"50":1,"51":1,"52":0,"53":1,"54":0,"55":0,"56":0,"57":0,"58":0,"59":0,"60":0,"61":0,"62":1,"63":0,"64":0,"65":0,"66":0,"67":0,"68":0,"69":0,"70":0,"71":0,"72":0,"73":0,"74":0,"75":1,"76":0,"77":0,"78":0,"79":0,"80":0,"81":0,"82":0,"83":0,"84":0,"85":0,"86":0,"87":0,"88":0,"89":0,"90":0,"91":0,"92":0,"93":0,"94":0,"95":0,"96":0,"97":0,"98":0,"99":0,"100":0,"101":0,"102":0,"103":0,"104":0,"105":0,"106":0,"107":0,"108":0,"109":1,"110":0,"111":0,"112":0,"113":0,"114":0,"115":0,"116":0,"117":0,"118":0,"119":1,"120":1,"121":1,"122":1,"123":1,"124":1,"125":1,"126":1,"127":1,"128":1,"129":0,"130":1,"131":1,"132":0,"133":0,"134":0,"135":1,"136":0,"137":0,"138":0,"139":0,"140":0,"141":1,"142":0,"143":0,"144":0,"145":0,"146":1,"147":0,"148":0,"149":0,"150":0,"151":0,"152":0,"153":0,"154":0,"155":0,"156":0,"157":0,"158":0,"159":1,"160":0,"161":0,"162":0,"163":0,"164":0,"165":0,"166":0,"167":0,"168":0,"169":0,"170":0,"171":0,"172":0,"173":0,"174":0,"175":0,"176":0,"177":0,"178":1,"179":0,"180":0,"181":0,"182":0,"183":1,"184":0,"185":0,"186":0,"187":0,"188":0,"189":0,"190":0,"191":0,"192":0,"193":1,"194":0,"195":0,"196":0,"197":0,"198":0,"199":0,"200":0,"201":0,"202":0,"203":0,"204":0,"205":0,"206":0,"207":0,"208":0,"209":0,"210":0,"211":0,"212":0,"213":0,"214":0,"215":0,"216":0,"217":0,"218":0,"219":0,"220":0,"221":0,"222":0,"223":0,"224":0,"225":0,"226":0,"227":0,"228":0,"229":1,"230":0,"231":0,"232":0,"233":0,"234":0,"235":0,"236":1,"237":1,"238":0,"239":0,"240":0,"241":0,"242":0,"243":0,"244":0,"245":0,"246":1,"247":0,"248":1,"249":0,"250":1,"251":0,"252":1,"253":1,"254":0,"255":0,"256":0,"257":1,"258":1,"259":1,"260":1,"261":0,"262":1,"263":0,"264":1,"265":1,"266":1,"267":1,"268":1,"269":1,"270":1,"271":1,"272":1,"273":1,"274":59,"275":0,"276":0,"277":0,"278":0,"279":0,"280":0,"281":0,"282":0,"283":0,"284":0,"285":0,"286":0,"287":0,"288":0,"289":0,"290":0,"291":0,"292":0,"293":0,"294":0,"295":0,"296":0,"297":0,"298":0,"299":0,"300":0,"301":0,"302":0,"303":0,"304":0,"305":0,"306":0,"307":0,"308":0,"309":0,"310":0,"311":0,"312":0,"313":0,"314":0,"315":0,"316":0,"317":0,"318":0,"319":0,"320":0,"321":0,"322":0,"323":0,"324":1,"325":0,"326":0,"327":0,"328":0,"329":0,"330":0,"331":0,"332":0,"333":0,"334":0,"335":0,"336":0,"337":0,"338":0,"339":0,"340":0,"341":0,"342":0,"343":0,"344":0,"345":0,"346":0,"347":0,"348":0,"349":0,"350":0,"351":0,"352":0,"353":1,"354":0,"355":0,"356":0,"357":0,"358":59,"359":0,"360":0,"361":0,"362":0,"363":0,"364":0,"365":0,"366":0,"367":0,"368":0,"369":0,"370":0,"371":0,"372":0,"373":0,"374":0,"375":0,"376":0,"377":0,"378":0,"379":0,"380":0},"f":{"0":0,"1":1,"2":1,"3":1,"4":1,"5":1,"6":1,"7":0,"8":0,"9":1,"10":1,"11":1,"12":0,"13":0,"14":0,"15":0,"16":0,"17":0,"18":0,"19":0,"20":0,"21":0,"22":1,"23":0,"24":0,"25":0,"26":0,"27":0,"28":0,"29":0,"30":0,"31":0,"32":0,"33":0,"34":0,"35":0,"36":0,"37":0,"38":0,"39":0,"40":1,"41":0,"42":1,"43":0,"44":0,"45":1,"46":59,"47":0,"48":0,"49":0,"50":0,"51":0,"52":0,"53":0,"54":0,"55":0,"56":0,"57":0,"58":0,"59":0,"60":0,"61":0,"62":0,"63":0,"64":0,"65":0,"66":0,"67":0,"68":0,"69":0,"70":0,"71":0,"72":0,"73":0,"74":0,"75":0,"76":0,"77":0,"78":0,"79":0,"80":0,"81":0,"82":0,"83":59,"84":0,"85":0,"86":0,"87":0,"88":0},"b":{"0":[0,1],"1":[0,1],"2":[0,0],"3":[0,0],"4":[1,0],"5":[0,1],"6":[0,1],"7":[0,0],"8":[0,0],"9":[0,0],"10":[0,0],"11":[0,0],"12":[0,0],"13":[0,0],"14":[0,0],"15":[0,0],"16":[0,0],"17":[0,0],"18":[0,0],"19":[0,0],"20":[0,0],"21":[0,0],"22":[0,0],"23":[0,0],"24":[0,0],"25":[0,0],"26":[0,0],"27":[0,0],"28":[0,0],"29":[0,0],"30":[0,0],"31":[0,0],"32":[0,0],"33":[0,0],"34":[0,0],"35":[0,0],"36":[0,0],"37":[0,0],"38":[0,0],"39":[0,0],"40":[0,0],"41":[0,0,0],"42":[0,0],"43":[0,0],"44":[0,1],"45":[1,1,1,1,1],"46":[0,0],"47":[0,1],"48":[0,1],"49":[0,1],"50":[1,0],"51":[0,0],"52":[0,0],"53":[0,0],"54":[0,0],"55":[0,0],"56":[0,0],"57":[0,0,0],"58":[0,0],"59":[0,0],"60":[0,59],"61":[0,0],"62":[0,0]},"inputSourceMap":{"version":3,"file":"extension.js","sourceRoot":"","sources":["../../src/extension/extension.ts"],"names":[],"mappings":";;;AAAA,iCAAiC;AAEjC,2CAWyB;AACzB,2CAA6C;AAC7C,+CAA+C;AAC/C,wCAAgE;AAEhE,MAAM,cAAc,GAAG,wBAAwB,CAAC;AAChD,MAAM,oBAAoB,GAAG,cAAc,GAAG,QAAQ,CAAC;AACvD,MAAM,qBAAqB,GAAG,cAAc,GAAG,SAAS,CAAC;AACzD,MAAM,oBAAoB,GAAG,cAAc,GAAG,QAAQ,CAAC;AACvD,MAAM,iBAAiB,4BAAe,CAAC;AACvC,MAAM,aAAa,+BAAiB,CAAC;AACrC,MAAM,gBAAgB,0BAAc,CAAC;AACrC,MAAM,gBAAgB,kCAAoB,CAAC;AAC3C,MAAM,aAAa,0BAAa,CAAC;AAEjC,MAAM,gBAAgB;IAEE;IACA;IACA;IAHpB,YACoB,KAAa,EACb,IAAY,EACZ,KAAa;QAFb,UAAK,GAAL,KAAK,CAAQ;QACb,SAAI,GAAJ,IAAI,CAAQ;QACZ,UAAK,GAAL,KAAK,CAAQ;QAE7B,IAAI,CAAC,IAAI,GAAG,KAAK,CAAC;QAClB,IAAI,CAAC,KAAK,GAAG,KAAK,CAAC;QACnB,IAAI,CAAC,WAAW,GAAG,GAAG,KAAK,IAAI,IAAI,EAAE,CAAC;IAC1C,CAAC;IAED,IAAI,CAAS;IACb,KAAK,CAAS;IACd,IAAI,CAAwC;IAC5C,WAAW,CAAsB;IACjC,MAAM,CAAsB;IAC5B,MAAM,CAAuB;IAC7B,UAAU,CAAuB;IACjC,OAAO,CAAkD;CAC5D;AAED,IAAI,mBAA2C,CAAC;AAEhD,SAAS,iBAAiB;IACtB,IAAI,IAAI,GAAG,MAAM,CAAC,SAAS;SACtB,gBAAgB,CAAC,aAAa,CAAC;SAC/B,GAAG,CAAU,SAAS,EAAE,iBAAiB,CAAC,CAAC;IAChD,IAAI,kBAAU,CAAC,WAAW,CAAC,IAAI,CAAC,KAAK,CAAC,CAAC,EAAE;QACrC,IAAI,GAAG,iBAAiB,CAAC;KAC5B;IACD,OAAO,IAAI,CAAC;AAChB,CAAC;AAED,SAAS,kBAAkB;IACvB,IAAI,KAAK,GAAG,MAAM,CAAC,SAAS;SACvB,gBAAgB,CAAC,aAAa,CAAC;SAC/B,GAAG,CAAQ,OAAO,EAAE,aAAa,CAAC,CAAC;IACxC,IAAI,kBAAU,CAAC,WAAW,CAAC,KAAK,CAAC,KAAK,CAAC,CAAC,EAAE;QACtC,KAAK,GAAG,aAAa,CAAC;KACzB;IACD,OAAO,KAAK,CAAC;AACjB,CAAC;AAED,SAAS,sBAAsB;IAC3B,OAAO,MAAM,CAAC,MAAM,CAAC,gBAAgB,CAAC,IAAI,CAAC;AAC/C,CAAC;AAED,SAAS,wBAAwB;IAC7B,OAAO,MAAM,CAAC,SAAS;SAClB,gBAAgB,CAAC,aAAa,CAAC;SAC/B,GAAG,CAAc,UAAU,EAAE,gBAAgB,CAAC,CAAC;AACxD,CAAC;AAED,SAAS,8BAA8B;IACnC,OAAO,MAAM,CAAC,SAAS;SAClB,gBAAgB,CAAC,aAAa,CAAC;SAC/B,GAAG,CAAU,oBAAoB,EAAE,IAAI,CAAC,CAAC;AAClD,CAAC;AAED,SAAS,+BAA+B;IACpC,OAAO,MAAM,CAAC,SAAS;SAClB,gBAAgB,CAAC,aAAa,CAAC;SAC/B,GAAG,CAAU,gBAAgB,EAAE,KAAK,CAAC,CAAC;AAC/C,CAAC;AAED,SAAS,yBAAyB;IAC9B,MAAM,KAAK,GAAG,WAAW,EAAE,CAAC;IAC5B,IAAI,KAAK,KAAK,SAAS,EAAE;QACrB,KAAK,CAAC,oBAAoB,CAAC,+BAA+B,EAAE,CAAC,CAAC;KACjE;AACL,CAAC;AAED,SAAS,yBAAyB;IAC9B,MAAM,KAAK,GAAG,WAAW,EAAE,CAAC;IAC5B,IAAI,KAAK,KAAK,SAAS,EAAE;QACrB,KAAK,CAAC,iBAAiB,CAAC,8BAA8B,EAAE,CAAC,CAAC;KAC7D;AACL,CAAC;AAED,KAAK,UAAU,8BAA8B;IACzC,MAAM,MAAM,CAAC,QAAQ,CAAC,cAAc,CAChC,YAAY,EACZ,sBAAsB,EACtB,wBAAwB,EAAE,CAC7B,CAAC;AACN,CAAC;AAED,MAAa,gBAAgB;IACzB,KAAK,CAAW;IAChB,IAAI,CAAU;IACd,IAAI,CAAU;IACd,IAAI,CAAS;IAEb,YAAY,KAAe,EAAE,IAAa,EAAE,IAAa,EAAE,IAAa;QACpE,IAAI,CAAC,KAAK,GAAG,KAAK,CAAC;QACnB,IAAI,CAAC,IAAI,GAAG,IAAI,CAAC;QACjB,IAAI,CAAC,IAAI,GAAG,IAAI,CAAC;QACjB,IAAI,CAAC,IAAI,EAAE;YACP,IAAI,CAAC,IAAI,GAAG,IAAA,kBAAU,EAAC,IAAI,CAAC,CAAC;SAChC;aAAM;YACH,IAAI,CAAC,IAAI,GAAG,IAAI,CAAC;SACpB;IACL,CAAC;IAED,MAAM,CAAC,iBAAiB;QACpB,IAAI,KAAK,GAAG,MAAM,CAAC,SAAS;aACvB,gBAAgB,CAAC,aAAa,CAAC;aAC/B,GAAG,CAAW,UAAU,EAAE,aAAa,CAAC,CAAC;QAC9C,IAAI,kBAAU,CAAC,WAAW,CAAC,KAAK,CAAC,KAAK,CAAC,CAAC,EAAE;YACtC,KAAK,GAAG,aAAa,CAAC;SACzB;QACD,IAAI,IAAI,GAAG,MAAM,CAAC,SAAS;aACtB,gBAAgB,CAAC,aAAa,CAAC;aAC/B,GAAG,CAAU,SAAS,EAAE,gBAAgB,CAAC,CAAC;QAC/C,IAAI,gBAAQ,CAAC,WAAW,CAAC,IAAI,CAAC,KAAK,CAAC,CAAC,EAAE;YACnC,IAAI,GAAG,gBAAgB,CAAC;SAC3B;QAED,OAAO,IAAI,gBAAgB,CAAC,KAAK,EAAE,IAAI,EAAE,iBAAiB,EAAE,CAAC,CAAC;IAClE,CAAC;IAED,MAAM,CAAC,qBAAqB,CACxB,OAAgC,EAChC,IAAa;QAEb,IAAI,YAAY,GAAG,OAAO,CAAC,WAAW,CAAC,GAAG,CACtC,oBAAoB,EACpB,EAAE,CACL,CAAC;QACF,IAAI,aAAa,GAAG,OAAO,CAAC,WAAW,CAAC,GAAG,CACvC,qBAAqB,EACrB,EAAE,CACL,CAAC;QACF,IAAI,YAAY,GAAG,OAAO,CAAC,WAAW,CAAC,GAAG,CACtC,oBAAoB,EACpB,EAAE,CACL,CAAC;QACF,IAAI,MAAM,GAAuB,IAAI,KAAK,EAAE,CAAC;QAC7C,KAAK,IAAI,KAAK,GAAG,CAAC,EAAE,KAAK,GAAG,YAAY,CAAC,MAAM,EAAE,KAAK,EAAE,EAAE;YACtD,MAAM,CAAC,IAAI,CACP,IAAI,gBAAgB,CAChB,aAAa,EAAE,CAAC,KAAK,CAAC,IAAI,aAAa,EACvC,YAAY,CAAC,KAAK,CAAC,EACnB,IAAI,EACJ,YAAY,CAAC,KAAK,CAAC,CACtB,CACJ,CAAC;SACL;QACD,OAAO,MAAM,CAAC;IAClB,CAAC;CACJ;AA/DD,4CA+DC;AAEM,KAAK,UAAU,wBAAwB,CAC1C,OAAgC,EAChC,UAA8B;IAE9B,IAAI,YAAY,GAAG,IAAI,KAAK,CAAC,UAAU,CAAC,MAAM,CAAC,CAAC;IAChD,IAAI,aAAa,GAAG,IAAI,KAAK,CAAC,UAAU,CAAC,MAAM,CAAC,CAAC;IACjD,IAAI,YAAY,GAAG,IAAI,KAAK,CAAC,UAAU,CAAC,MAAM,CAAC,CAAC;IAChD,KAAK,IAAI,KAAK,GAAG,CAAC,EAAE,KAAK,GAAG,UAAU,CAAC,MAAM,EAAE,KAAK,EAAE,EAAE;QACpD,YAAY,CAAC,KAAK,CAAC,GAAG,UAAU,CAAC,KAAK,CAAC,CAAC,IAAI,CAAC;QAC7C,aAAa,CAAC,KAAK,CAAC,GAAG,UAAU,CAAC,KAAK,CAAC,CAAC,KAAK,CAAC;QAC/C,YAAY,CAAC,KAAK,CAAC,GAAG,UAAU,CAAC,KAAK,CAAC,CAAC,IAAI,CAAC;KAChD;IACD,MAAM,OAAO,CAAC,WAAW,CAAC,MAAM,CAAC,oBAAoB,EAAE,YAAY,CAAC,CAAC;IACrE,MAAM,OAAO,CAAC,WAAW,CAAC,MAAM,CAAC,qBAAqB,EAAE,aAAa,CAAC,CAAC;IACvE,MAAM,OAAO,CAAC,WAAW,CAAC,MAAM,CAAC,oBAAoB,EAAE,YAAY,CAAC,CAAC;IACrE,OAAO,CAAC,WAAW,CAAC,cAAc,CAAC;QAC/B,oBAAoB;QACpB,qBAAqB;QACrB,oBAAoB;KACvB,CAAC,CAAC;AACP,CAAC;AApBD,4DAoBC;AAED,IAAI,iBAAuC,CAAC;AAQ5C,KAAK,UAAU,sBAAsB,CAEjC,OAAuB;IAEvB,IAAI,OAAO,GAAe,KAAK,EAAE,CAAC;IAClC,QAAQ,OAAO,CAAC,OAAO,EAAE;QACrB,KAAK,WAAW;YACZ,OAAO,CAAC,IAAI,CAAC,KAAK,CAAC,IAAI,CAAC,CAAC,OAAO,CAAC,CAAC,GAAG,EAAE,EAAE;gBACrC,IAAI,CAAC,GAAG,EAAE;oBACN,OAAO;iBACV;gBACD,IAAI,KAAK,GAAG,GAAG,CAAC,KAAK,CAAC,GAAG,CAAC,CAAC;gBAC3B,OAAO,CAAC,IAAI,CAAC;oBACT,IAAI,EAAE,KAAK,CAAC,CAAC,CAAY;oBACzB,IAAI,EAAE,KAAK,CAAC,CAAC,CAAC;oBACd,KAAK,EAAE,KAAK,CAAC,CAAC,CAAa;iBAC9B,CAAC,CAAC;YACP,CAAC,CAAC,CAAC;YACH,MAAM;QACV;YACI,OAAO;KACd;IACD,IAAI,CAAC,OAAO,EAAE;QACV,OAAO;KACV;IACD,IAAI,CAAC,OAAO,CAAC,MAAM,EAAE;QACjB,MAAM,MAAM,CAAC,MAAM,CAAC,gBAAgB,CAChC,MAAM,CAAC,IAAI,CAAC,CAAC,CAAC,8BAA8B,CAAC,CAChD,CAAC;QACF,OAAO;KACV;IACD,MAAM,MAAM,CAAC,MAAM;SACd,aAAa,CACV,OAAO,CAAC,GAAG,CAAC,CAAC,GAAG,EAAE,EAAE;QAChB,OAAO,IAAI,gBAAgB,CAAC,GAAG,CAAC,IAAI,EAAE,GAAG,CAAC,IAAI,EAAE,GAAG,CAAC,KAAK,CAAC,CAAC;IAC/D,CAAC,CAAC,EACF;QACI,WAAW,EAAE,MAAM,CAAC,IAAI,CAAC,CAAC,CAAC,2BAA2B,CAAC;KAC1D,CACJ;SACA,IAAI,CAAC,KAAK,EAAE,GAAiC,EAAE,EAAE;QAC9C,IAAI,GAAG,EAAE;YACL,MAAM,KAAK,GAAG,WAAW,EAAE,CAAC;YAC5B,IAAI,KAAK,KAAK,SAAS,EAAE;gBACrB,KAAK,CAAC,SAAS,CAAC,GAAG,CAAC,IAAI,EAAE,GAAG,CAAC,IAAI,EAAE,GAAG,CAAC,KAAK,CAAC,CAAC;gBAC/C,MAAM,UAAU,GAAG,OAAO;qBACrB,MAAM,CAAC,CAAC,IAAI,EAAE,EAAE;oBACb,OAAO,IAAI,CAAC,IAAI,KAAK,GAAG,CAAC,IAAI,CAAC;gBAClC,CAAC,CAAC;qBACD,GAAG,CAAmB,CAAC,IAAI,EAAE,EAAE;oBAC5B,OAAO,IAAI,gBAAgB,CACvB,IAAI,CAAC,KAAK,EACV,IAAI,CAAC,IAAI,iCAET,IAAI,CAAC,IAAI,CACZ,CAAC;gBACN,CAAC,CAAC,CAAC;gBACP,MAAM,wBAAwB,CAAC,IAAI,EAAE,UAAU,CAAC,CAAC;aACpD;SACJ;IACL,CAAC,CAAC,CAAC;AACX,CAAC;AAED,SAAS,WAAW;IAChB,IACI,wBAAwB,EAAE,0CAAyB;QACnD,mBAAmB,EACrB;QACE,OAAO,mBAAmB,CAAC;KAC9B;SAAM,IAAI,QAAQ,CAAC,YAAY,EAAE;QAC9B,OAAO,QAAQ,CAAC,YAAY,CAAC;KAChC;SAAM;QACH,OAAO,SAAS,CAAC;KACpB;AACL,CAAC;AAED,SAAS,UAAU;IACf,IACI,wBAAwB,EAAE,0CAAyB;QACnD,mBAAmB,EACrB;QACE,OAAO,mBAAmB,CAAC,UAAU,EAAE,CAAC;KAC3C;SAAM,IAAI,QAAQ,CAAC,YAAY,EAAE;QAC9B,OAAO,QAAQ,CAAC,YAAY,CAAC,UAAU,EAAE,CAAC;KAC7C;AACL,CAAC;AAED,SAAgB,QAAQ,CAAC,OAAgC;IACrD,OAAO,CAAC,aAAa,CAAC,IAAI,CACtB,MAAM,CAAC,QAAQ,CAAC,eAAe,CAAC,mBAAmB,EAAE,KAAK,IAAI,EAAE;QAC5D,IACI,wBAAwB,EAAE,0CAAyB;YACnD,mBAAmB,EACrB;YACE,MAAM,MAAM,CAAC,QAAQ,CAAC,cAAc,CAAC,gBAAgB,CAAC,CAAC;SAC1D;aAAM;YACH,MAAM,IAAI,GAAG,gBAAgB,CAAC,iBAAiB,EAAE,CAAC;YAClD,QAAQ,CAAC,YAAY,CACjB,OAAO,CAAC,YAAY,EACpB,IAAI,CAAC,KAAK,EACV,IAAI,CAAC,IAAI,EACT,IAAI,CAAC,IAAI,EACT,kBAAkB,EAAE,EACpB,sBAAsB,EAAE,EACxB,8BAA8B,EAAE,EAChC,+BAA+B,EAAE,CACpC,CAAC;YAEF,IAAI,QAAQ,CAAC,YAAY,EAAE;gBACvB,IAAI,UAAU,GAAG,gBAAgB,CAAC,qBAAqB,CACnD,OAAO,EACP,iBAAiB,EAAE,CACtB,CAAC;gBACF,UAAU,CAAC,OAAO,CAAC,CAAC,IAAI,EAAE,EAAE;oBACxB,QAAQ,CAAC,YAAY,EAAE,QAAQ,CAAC,IAAI,CAAC,CAAC;gBAC1C,CAAC,CAAC,CAAC;gBACH,+FAA+F;gBAC/F,MAAM,wBAAwB,CAAC,OAAO,EAAE,UAAU,CAAC,CAAC;aACvD;SACJ;IACL,CAAC,CAAC,CACL,CAAC;IAEF,iBAAiB,GAAG,MAAM,CAAC,MAAM,CAAC,mBAAmB,CACjD,MAAM,CAAC,kBAAkB,CAAC,KAAK,EAC/B,GAAG,CACN,CAAC;IACF,iBAAiB,CAAC,OAAO,GAAG,uBAAuB,CAAC;IACpD,OAAO,CAAC,aAAa,CAAC,IAAI,CAAC,iBAAiB,CAAC,CAAC;IAE9C,OAAO,CAAC,aAAa,CAAC,IAAI,CACtB,MAAM,CAAC,MAAM,CAAC,2BAA2B,CAAC,eAAe,CAAC,CAC7D,CAAC;IACF,OAAO,CAAC,aAAa,CAAC,IAAI,CACtB,MAAM,CAAC,MAAM,CAAC,8BAA8B,CAAC,eAAe,CAAC,CAChE,CAAC;IACF,OAAO,CAAC,aAAa,CAAC,IAAI,CACtB,MAAM,CAAC,MAAM,CAAC,2BAA2B,CACrC,8BAA8B,CACjC,CACJ,CAAC;IACF,eAAe,EAAE,CAAC;IAElB,MAAM,IAAI,GAAG,gBAAgB,CAAC,iBAAiB,EAAE,CAAC;IAClD,mBAAmB,GAAG,IAAI,sBAAsB,CAC5C,OAAO,CAAC,YAAY,EACpB,IAAI,CAAC,KAAK,EACV,IAAI,CAAC,IAAI,EACT,IAAI,CAAC,IAAI,EACT,kBAAkB,EAAE,EACpB,sBAAsB,EAAE,EACxB,8BAA8B,EAAE,EAChC,+BAA+B,EAAE,CACpC,CAAC;IACF,8BAA8B,EAAE,CAAC,KAAK,CAAC,CAAC,CAAC,EAAE,EAAE;QACzC,OAAO,CAAC,KAAK,CAAC,CAAC,CAAC,CAAC;IACrB,CAAC,CAAC,CAAC;IAEH,OAAO,CAAC,aAAa,CAAC,IAAI,CACtB,MAAM,CAAC,MAAM,CAAC,2BAA2B,CACrC,sBAAsB,CAAC,QAAQ,EAC/B,mBAAmB,CACtB,CACJ,CAAC;IAEF,OAAO,CAAC,aAAa,CAAC,IAAI,CACtB,MAAM,CAAC,QAAQ,CAAC,eAAe,CAAC,wBAAwB,EAAE,GAAG,EAAE;QAC3D,MAAM,KAAK,GAAG,WAAW,EAAE,CAAC;QAC5B,IAAI,KAAK,KAAK,SAAS,EAAE;YACrB,KAAK,CAAC,SAAS,EAAE,CAAC;SACrB;IACL,CAAC,CAAC,CACL,CAAC;IAEF,OAAO,CAAC,aAAa,CAAC,IAAI,CACtB,MAAM,CAAC,QAAQ,CAAC,eAAe,CAAC,wBAAwB,EAAE,KAAK,IAAI,EAAE;QACjE,MAAM,KAAK,GAAG,WAAW,EAAE,CAAC;QAC5B,IAAI,KAAK,KAAK,SAAS,EAAE;YACrB,KAAK,CAAC,QAAQ,EAAE,CAAC;YACjB,UAAU,EAAE,EAAE,mBAAmB,CAC7B,sBAAsB,EACtB,OAAO,CACV,CAAC;SACL;aAAM;YACH,MAAM,mBAAmB,CAAC,OAAO,CAAC,CAAC;SACtC;IACL,CAAC,CAAC,CACL,CAAC;IAEF,OAAO,CAAC,aAAa,CAAC,IAAI,CACtB,MAAM,CAAC,QAAQ,CAAC,eAAe,CAAC,uBAAuB,EAAE,KAAK,IAAI,EAAE;QAChE,MAAM,KAAK,GAAG,WAAW,EAAE,CAAC;QAC5B,IAAI,KAAK,KAAK,SAAS,EAAE;YACrB,KAAK,CAAC,QAAQ,EAAE,CAAC;SACpB;aAAM;YACH,MAAM,mBAAmB,CAAC,OAAO,CAAC,CAAC;SACtC;IACL,CAAC,CAAC,CACL,CAAC;IAEF,OAAO,CAAC,aAAa,CAAC,IAAI,CACtB,MAAM,CAAC,QAAQ,CAAC,eAAe,CAC3B,6BAA6B,EAC7B,KAAK,IAAI,EAAE;QACP,MAAM,IAAI,GAAG,gBAAgB,CAAC,qBAAqB,CAC/C,OAAO,EACP,iBAAiB,EAAE,CACtB,CAAC;QACF,MAAM,OAAO,GAAG,IAAI,CAAC,SAAS,CAAC,IAAI,EAAE,IAAI,EAAE,CAAC,CAAC,CAAC;QAC9C,MAAM,QAAQ,GAAG,QAAQ,IAAI,CAAC,GAAG,EAAE,OAAO,CAAC;QAC3C,IAAI,CAAC,MAAM,CAAC,SAAS,CAAC,gBAAgB,EAAE;YACpC,MAAM,MAAM,CAAC,MAAM,CAAC,gBAAgB,CAChC,MAAM,CAAC,IAAI,CAAC,CAAC,CACT,0DAA0D,CAC7D,CACJ,CAAC;YACF,OAAO;SACV;QACD,MAAM,QAAQ,GAAG,MAAM,CAAC,GAAG,CAAC,QAAQ,CAChC,MAAM,CAAC,SAAS,CAAC,gBAAgB,CAAC,CAAC,CAAC,CAAC,GAAG,EACxC,QAAQ,CACX,CAAC;QACF,MAAM,MAAM,GAAG,MAAM,CAAC,GAAG,CAAC,IAAI,CAAC,QAAQ,CAAC,CAAC,IAAI,CAAC;YAC1C,MAAM,EAAE,UAAU;YAClB,IAAI,EAAE,QAAQ,CAAC,MAAM;SACxB,CAAC,CAAC;QACH,MAAM,MAAM,CAAC,SAAS;aACjB,gBAAgB,CAAC,MAAM,CAAC;aACxB,IAAI,CAAC,KAAK,EAAE,GAAG,EAAE,EAAE;YAChB,MAAM,MAAM,CAAC,MAAM;iBACd,gBAAgB,CAAC,GAAG,CAAC;iBACrB,IAAI,CAAC,KAAK,EAAE,MAAM,EAAE,EAAE;gBACnB,MAAM,MAAM,CAAC,IAAI,CAAC,CAAC,IAAI,EAAE,EAAE;oBACvB,IAAI,CAAC,MAAM,CACP,IAAI,MAAM,CAAC,QAAQ,CAAC,CAAC,EAAE,CAAC,CAAC,EACzB,OAAO,CACV,CAAC;gBACN,CAAC,CAAC,CAAC;YACP,CAAC,CAAC,CAAC;QACX,CAAC,CAAC,CAAC;IACX,CAAC,CACJ,CACJ,CAAC;IAEF,OAAO,CAAC,aAAa,CAAC,IAAI,CACtB,MAAM,CAAC,QAAQ,CAAC,eAAe,CAC3B,6BAA6B,EAC7B,KAAK,IAAI,EAAE;QACP,MAAM,OAAO,GAA6B;YACtC,aAAa,EAAE,KAAK;YACpB,SAAS,EAAE,gBAAgB;YAC3B,OAAO,EAAE;gBACL,IAAI,EAAE,CAAC,MAAM,CAAC;aACjB;SACJ,CAAC;QACF,MAAM,OAAO,GAAG,MAAM,MAAM,CAAC,MAAM,CAAC,cAAc,CAAC,OAAO,CAAC,CAAC;QAE5D,IAAI,OAAO,IAAI,OAAO,CAAC,CAAC,CAAC,EAAE;YACvB,OAAO,CAAC,GAAG,CAAC,iBAAiB,GAAG,OAAO,CAAC,CAAC,CAAC,CAAC,MAAM,CAAC,CAAC;YACnD,IAAI;gBACA,MAAM,YAAY,GAAG,MAAM,MAAM,CAAC,SAAS,CAAC,EAAE,CAAC,QAAQ,CACnD,OAAO,CAAC,CAAC,CAAC,CACb,CAAC;gBACF,MAAM,UAAU,GAAG,IAAI,CAAC,KAAK,CACzB,MAAM,CAAC,YAAY,CAAC,KAAK,CACrB,IAAI,EACJ,KAAK,CAAC,IAAI,CAAC,YAAY,CAAC,CAC3B,CACJ,CAAC;gBAEF,oCAAoC;gBACpC,IAAI,UAAU,GAAG,gBAAgB,CAAC,qBAAqB,CACnD,OAAO,EACP,iBAAiB,EAAE,CACtB,CAAC;gBACF,2BAA2B;gBAC3B,MAAM,KAAK,GAAG,WAAW,EAAE,CAAC;gBAC5B,KAAK,IAAI,CAAC,GAAG,CAAC,EAAE,CAAC,GAAG,UAAU,CAAC,MAAM,EAAE,CAAC,EAAE,EAAE;oBACxC,MAAM,GAAG,GAAG,UAAU,CAAC,CAAC,CAAC,CAAC;oBAC1B,MAAM,OAAO,GAAG,IAAI,gBAAgB,CAChC,IAAA,qBAAc,EAAC,GAAG,CAAC,KAAK,EAAE,GAAG,CAAC,IAAI,CAAC,EACnC,GAAG,CAAC,IAAI,EACR,GAAG,CAAC,IAAI,EACR,GAAG,CAAC,IAAI,CACX,CAAC;oBACF,UAAU,CAAC,IAAI,CAAC,OAAO,CAAC,CAAC;oBACzB,IAAI,KAAK,KAAK,SAAS,EAAE;wBACrB,KAAK,CAAC,QAAQ,CAAC,OAAO,CAAC,CAAC;qBAC3B;iBACJ;gBACD,MAAM,wBAAwB,CAAC,OAAO,EAAE,UAAU,CAAC,CAAC;aACvD;YAAC,OAAO,CAAM,EAAE;gBACb,MAAM,MAAM,CAAC,MAAM,CAAC,gBAAgB,CAChC,MAAM,CAAC,IAAI,CAAC,CAAC,CACT,4BAA4B,EAC5B,CAAC,EAAE,OAAO,CACb,CACJ,CAAC;aACL;SACJ;IACL,CAAC,CACJ,CACJ,CAAC;IAEF,MAAM,UAAU,GAAG,KAAK,EAAE,GAAe,EAAoB,EAAE;QAC3D,IAAI;YACA,MAAM,MAAM,CAAC,SAAS,CAAC,EAAE,CAAC,IAAI,CAAC,GAAG,CAAC,CAAC;YACpC,OAAO,IAAI,CAAC,CAAC,cAAc;SAC9B;QAAC,MAAM;YACJ,OAAO,KAAK,CAAC,CAAC,qBAAqB;SACtC;IACL,CAAC,CAAC;IAEF,MAAM,cAAc,GAAG,KAAK,EACxB,OAAgB,EAChB,KAAgB,EACsB,EAAE;QACxC,IAAI,KAAK,EAAE;YACP,MAAM,UAAU,GAAG,KAAK,CAAC,OAAO,CAAC,GAAG,EAAE,GAAG,CAAC,CAAC;YAC3C,MAAM,YAAY,GAAG,MAAM,CAAC,GAAG,CAAC,QAAQ,CACpC,OAAO,CAAC,YAAY,EACpB,OAAO,EACP,OAAO,EACP,QAAQ,UAAU,MAAM,CAC3B,CAAC;YACF,IAAI,MAAM,UAAU,CAAC,YAAY,CAAC,EAAE;gBAChC,OAAO,YAAY,CAAC;aACvB;SACJ;QACD,MAAM,OAAO,GAAG,MAAM,CAAC,GAAG,CAAC,QAAQ,CAC/B,OAAO,CAAC,YAAY,EACpB,OAAO,EACP,OAAO,EACP,UAAU,CACb,CAAC;QACF,IAAI,MAAM,UAAU,CAAC,OAAO,CAAC,EAAE;YAC3B,OAAO,OAAO,CAAC;SAClB;QAED,qCAAqC;QACrC,OAAO,MAAM,CAAC,GAAG,CAAC,QAAQ,CAAC,OAAO,CAAC,YAAY,EAAE,OAAO,EAAE,SAAS,CAAC,CAAC;IACzE,CAAC,CAAC;IAEF,OAAO,CAAC,aAAa,CAAC,IAAI,CACtB,MAAM,CAAC,QAAQ,CAAC,eAAe,CAAC,uBAAuB,EAAE,KAAK,IAAI,EAAE;QAChE,MAAM,KAAK,GAAG,WAAW,EAAE,CAAC;QAC5B,IACI,wBAAwB,EAAE,0CAAyB;YACnD,mBAAmB,EACrB;YACE,MAAM,MAAM,CAAC,QAAQ,CAAC,cAAc,CAAC,gBAAgB,CAAC,CAAC;SAC1D;QACD,IAAI,KAAK,EAAE;YACP,gDAAgD;YAChD,MAAM,cAAc,GAAG,MAAM,OAAO,CAAC,GAAG,CACpC,QAAQ;iBACH,6BAA6B,CAAU,gBAAQ,CAAC;iBAChD,GAAG,CAAC,KAAK,EAAE,GAAG,EAAE,EAAE,CAAC,CAAC;gBACjB,GAAG,GAAG;gBACN,QAAQ,EAAE,MAAM,cAAc,CAAC,GAAG,CAAC,KAAK,CAAC;aAC5C,CAAC,CAAC,CACV,CAAC;YAEF,MAAM,eAAe,GAAG,MAAM,MAAM,CAAC,MAAM,CAAC,aAAa,CACrD,cAAc,EACd;gBACI,WAAW,EAAE,MAAM,CAAC,IAAI,CAAC,CAAC,CAAC,cAAc,CAAC;aAC7C,CACJ,CAAC;YACF,IAAI,eAAe,KAAK,SAAS,EAAE;gBAC/B,OAAO,CAAC,GAAG,CACP,+CAA+C,CAClD,CAAC;gBACF,OAAO;aACV;YACD,IAAI,QAAQ,GAAa,aAAa,CAAC;YACvC,MAAM,cAAc,GAAG,IAAA,sBAAe,EAAC,eAAe,CAAC,KAAK,CAAC,CAAC;YAE9D,IAAI,cAAc,CAAC,MAAM,GAAG,CAAC,EAAE;gBAC3B,MAAM,mBAAmB,GAAG,MAAM,OAAO,CAAC,GAAG,CACzC,QAAQ;qBACH,6BAA6B,CAC1B,cAAc,CACjB;qBACA,GAAG,CAAC,KAAK,EAAE,GAAG,EAAE,EAAE,CAAC,CAAC;oBACjB,GAAG,GAAG;oBACN,QAAQ,EAAE,MAAM,cAAc,CAC1B,eAAe,CAAC,KAAK,EACrB,GAAG,CAAC,KAAK,CACZ;iBACJ,CAAC,CAAC,CACV,CAAC;gBAEF,IAAI,aAAa,GAAG,MAAM,MAAM,CAAC,MAAM,CAAC,aAAa,CACjD,mBAAmB,EACnB;oBACI,WAAW,EAAE,MAAM,CAAC,IAAI,CAAC,CAAC,CAAC,gBAAgB,CAAC;iBAC/C,CACJ,CAAC;gBACF,IAAI,aAAa,KAAK,SAAS,EAAE;oBAC7B,OAAO,CAAC,GAAG,CACP,gDAAgD,CACnD,CAAC;oBACF,OAAO;iBACV;gBACD,QAAQ,GAAG,aAAa,CAAC,KAAK,CAAC;aAClC;iBAAM;gBACH,QAAQ,GAAG,cAAc,CAAC,CAAC,CAAC,CAAC;aAChC;YAED,IAAI,QAAQ,KAAK,SAAS,EAAE;gBACxB,OAAO,CAAC,GAAG,CACP,gDAAgD,CACnD,CAAC;gBACF,OAAO;aACV;YAED,MAAM,IAAI,GAAG,MAAM,MAAM,CAAC,MAAM,CAAC,YAAY,CAAC;gBAC1C,WAAW,EAAE,MAAM,CAAC,IAAI,CAAC,CAAC,CAAC,+BAA+B,CAAC;gBAC3D,MAAM,EAAE,MAAM,CAAC,IAAI,CAAC,CAAC,CAAC,eAAe,CAAC;gBACtC,KAAK,EAAE,IAAA,kBAAU,EAAC,eAAe,CAAC,KAAK,CAAC;aAC3C,CAAC,CAAC;YACH,MAAM,IAAI,GAAG,IAAI,gBAAgB,CAC7B,QAAQ,EACR,eAAe,CAAC,KAAK,EACrB,iBAAiB,EAAE,EACnB,IAAI,CACP,CAAC;YACF,IAAI,CAAC,IAAI,CAAC,IAAI,IAAI,CAAC,IAAI,CAAC,KAAK,IAAI,CAAC,IAAI,CAAC,IAAI,EAAE;gBACzC,OAAO,MAAM,CAAC,MAAM,CAAC,kBAAkB,CACnC,MAAM,CAAC,IAAI,CAAC,CAAC,CAAC,wBAAwB,CAAC,CAC1C,CAAC;aACL;iBAAM,IAAI,IAAI,EAAE;gBACb,KAAK,CAAC,QAAQ,CAAC,IAAI,CAAC,CAAC;aACxB;YACD,IAAI,UAAU,GAAG,gBAAgB,CAAC,qBAAqB,CACnD,OAAO,EACP,iBAAiB,EAAE,CACtB,CAAC;YACF,UAAU,CAAC,IAAI,CAAC,IAAI,CAAC,CAAC;YACtB,MAAM,wBAAwB,CAAC,OAAO,EAAE,UAAU,CAAC,CAAC;SACvD;aAAM;YACH,MAAM,mBAAmB,CAAC,OAAO,CAAC,CAAC;YACnC,MAAM,MAAM,CAAC,MAAM,CAAC,sBAAsB,CACtC,MAAM,CAAC,IAAI,CAAC,CAAC,CACT,yGAAyG,CAC5G,CACJ,CAAC;SACL;IACL,CAAC,CAAC,CACL,CAAC;IAEF,OAAO,CAAC,aAAa,CAAC,IAAI,CACtB,MAAM,CAAC,QAAQ,CAAC,eAAe,CAC3B,6BAA6B,EAC7B,KAAK,IAAI,EAAE;QACP,MAAM,KAAK,GAAG,WAAW,EAAE,CAAC;QAC5B,IAAI,KAAK,KAAK,SAAS,EAAE;YACrB,KAAK,CAAC,SAAS,EAAE,CAAC;YAClB,MAAM,wBAAwB,CAAC,OAAO,EAAE,EAAE,CAAC,CAAC;SAC/C;aAAM;YACH,MAAM,mBAAmB,CAAC,OAAO,CAAC,CAAC;YACnC,MAAM,MAAM,CAAC,MAAM,CAAC,sBAAsB,CACtC,MAAM,CAAC,IAAI,CAAC,CAAC,CACT,sGAAsG,CACzG,CACJ,CAAC;SACL;IACL,CAAC,CACJ,CACJ,CAAC;IAEF,qCAAqC;IACrC,OAAO,CAAC,aAAa,CAAC,IAAI,CACtB,MAAM,CAAC,SAAS,CAAC,wBAAwB,CACrC,CAAC,CAAkC,EAAQ,EAAE;QACzC,IACI,CAAC,CAAC,oBAAoB,CAAC,sBAAsB,CAAC;YAC9C,CAAC,CAAC,oBAAoB,CAAC,qBAAqB,CAAC;YAC7C,CAAC,CAAC,oBAAoB,CAAC,qBAAqB,CAAC;YAC7C,CAAC,CAAC,oBAAoB,CAAC,mBAAmB,CAAC;YAC3C,CAAC,CAAC,oBAAoB,CAAC,sBAAsB,CAAC,EAChD;YACE,MAAM,IAAI,GAAG,gBAAgB,CAAC,iBAAiB,EAAE,CAAC;YAClD,MAAM,KAAK,GAAG,WAAW,EAAE,CAAC;YAC5B,IAAI,KAAK,EAAE;gBACP,KAAK,CAAC,cAAc,CAAC,IAAI,CAAC,KAAK,CAAC,CAAC;gBACjC,KAAK,CAAC,aAAa,CAAC,IAAI,CAAC,IAAI,CAAC,CAAC;gBAC/B,KAAK,CAAC,aAAa,CAAC,IAAI,CAAC,IAAI,CAAC,CAAC;gBAC/B,KAAK,CAAC,WAAW,CACb,kBAAkB,EAAE,EACpB,sBAAsB,EAAE,CAC3B,CAAC;gBACF,KAAK,CAAC,MAAM,EAAE,CAAC;aAClB;SACJ;QAED,IAAI,CAAC,CAAC
[...]
ne":61,"column":71}},"37":{"start":{"line":62,"column":8},"end":{"line":66,"column":11}},"38":{"start":{"line":63,"column":12},"end":{"line":65,"column":13}},"39":{"start":{"line":64,"column":16},"end":{"line":64,"column":51}},"40":{"start":{"line":67,"column":8},"end":{"line":67,"column":32}},"41":{"start":{"line":68,"column":8},"end":{"line":68,"column":19}},"42":{"start":{"line":69,"column":8},"end":{"line":80,"column":10}},"43":{"start":{"line":70,"column":12},"end":{"line":70,"column":32}},"44":{"start":{"line":71,"column":12},"end":{"line":73,"column":13}},"45":{"start":{"line":72,"column":16},"end":{"line":72,"column":40}},"46":{"start":{"line":74,"column":12},"end":{"line":74,"column":36}},"47":{"start":{"line":75,"column":12},"end":{"line":75,"column":36}},"48":{"start":{"line":76,"column":12},"end":{"line":76,"column":35}},"49":{"start":{"line":77,"column":12},"end":{"line":77,"column":35}},"50":{"start":{"line":78,"column":12},"end":{"line":78,"column":77}},"51":{"start":{"line":79,"column":12},"end":{"line":79,"column":23}},"52":{"start":{"line":81,"column":8},"end":{"line":92,"column":10}},"53":{"start":{"line":82,"column":12},"end":{"line":82,"column":32}},"54":{"start":{"line":83,"column":12},"end":{"line":83,"column":36}},"55":{"start":{"line":84,"column":12},"end":{"line":84,"column":38}},"56":{"start":{"line":85,"column":12},"end":{"line":85,"column":119}},"57":{"start":{"line":86,"column":12},"end":{"line":90,"column":15}},"58":{"start":{"line":87,"column":16},"end":{"line":89,"column":17}},"59":{"start":{"line":88,"column":20},"end":{"line":88,"column":55}},"60":{"start":{"line":91,"column":12},"end":{"line":91,"column":24}},"61":{"start":{"line":95,"column":0},"end":{"line":95,"column":40}},"62":{"start":{"line":97,"column":4},"end":{"line":97,"column":43}},"63":{"start":{"line":98,"column":4},"end":{"line":98,"column":30}},"64":{"start":{"line":99,"column":4},"end":{"line":101,"column":5}},"65":{"start":{"line":100,"column":8},"end":{"line":100,"column":32}},"66":{"start":{"line":102,"column":4},"end":{"line":104,"column":5}},"67":{"start":{"line":103,"column":8},"end":{"line":103,"column":38}},"68":{"start":{"line":106,"column":0},"end":{"line":106,"column":42}},"69":{"start":{"line":108,"column":4},"end":{"line":110,"column":5}},"70":{"start":{"line":109,"column":8},"end":{"line":109,"column":15}},"71":{"start":{"line":111,"column":4},"end":{"line":113,"column":5}},"72":{"start":{"line":112,"column":8},"end":{"line":112,"column":41}},"73":{"start":{"line":115,"column":16},"end":{"line":115,"column":26}},"74":{"start":{"line":116,"column":20},"end":{"line":116,"column":30}},"75":{"start":{"line":117,"column":4},"end":{"line":119,"column":5}},"76":{"start":{"line":118,"column":8},"end":{"line":118,"column":15}},"77":{"start":{"line":120,"column":4},"end":{"line":120,"column":38}},"78":{"start":{"line":121,"column":4},"end":{"line":128,"column":5}},"79":{"start":{"line":122,"column":8},"end":{"line":122,"column":47}},"80":{"start":{"line":123,"column":8},"end":{"line":123,"column":49}},"81":{"start":{"line":125,"column":9},"end":{"line":128,"column":5}},"82":{"start":{"line":126,"column":8},"end":{"line":126,"column":47}},"83":{"start":{"line":127,"column":8},"end":{"line":127,"column":34}},"84":{"start":{"line":129,"column":4},"end":{"line":138,"column":5}},"85":{"start":{"line":130,"column":8},"end":{"line":130,"column":47}},"86":{"start":{"line":131,"column":8},"end":{"line":131,"column":58}},"87":{"start":{"line":133,"column":8},"end":{"line":133,"column":33}},"88":{"start":{"line":135,"column":9},"end":{"line":138,"column":5}},"89":{"start":{"line":136,"column":8},"end":{"line":136,"column":47}},"90":{"start":{"line":137,"column":8},"end":{"line":137,"column":34}},"91":{"start":{"line":139,"column":4},"end":{"line":139,"column":28}},"92":{"start":{"line":140,"column":4},"end":{"line":140,"column":33}},"93":{"start":{"line":141,"column":4},"end":{"line":141,"column":33}},"94":{"start":{"line":142,"column":4},"end":{"line":142,"column":15}},"95":{"start":{"line":144,"column":0},"end":{"line":144,"column":30}},"96":{"start":{"line":146,"column":4},"end":{"line":148,"column":5}},"97":{"start":{"line":147,"column":8},"end":{"line":147,"column":15}},"98":{"start":{"line":149,"column":16},"end":{"line":149,"column":39}},"99":{"start":{"line":150,"column":4},"end":{"line":150,"column":53}},"100":{"start":{"line":151,"column":4},"end":{"line":151,"column":20}},"101":{"start":{"line":152,"column":4},"end":{"line":152,"column":75}},"102":{"start":{"line":153,"column":4},"end":{"line":153,"column":30}},"103":{"start":{"line":154,"column":4},"end":{"line":154,"column":15}},"104":{"start":{"line":157,"column":4},"end":{"line":157,"column":16}},"105":{"start":{"line":158,"column":4},"end":{"line":158,"column":16}},"106":{"start":{"line":159,"column":4},"end":{"line":163,"column":7}},"107":{"start":{"line":160,"column":8},"end":{"line":162,"column":9}},"108":{"start":{"line":161,"column":12},"end":{"line":161,"column":47}},"109":{"start":{"line":165,"column":0},"end":{"line":165,"column":38}}},"fnMap":{"0":{"name":"calculateBallRadius","decl":{"start":{"line":12,"column":9},"end":{"line":12,"column":28}},"loc":{"start":{"line":12,"column":35},"end":{"line":28,"column":1}},"line":12},"1":{"name":"setupBallThrowing","decl":{"start":{"line":29,"column":9},"end":{"line":29,"column":26}},"loc":{"start":{"line":29,"column":56},"end":{"line":33,"column":1}},"line":29},"2":{"name":"resetBall","decl":{"start":{"line":35,"column":9},"end":{"line":35,"column":18}},"loc":{"start":{"line":35,"column":21},"end":{"line":43,"column":1}},"line":35},"3":{"name":"dynamicThrowOn","decl":{"start":{"line":44,"column":9},"end":{"line":44,"column":23}},"loc":{"start":{"line":44,"column":30},"end":{"line":94,"column":1}},"line":44},"4":{"name":"(anonymous_4)","decl":{"start":{"line":50,"column":25},"end":{"line":50,"column":26}},"loc":{"start":{"line":50,"column":32},"end":{"line":93,"column":5}},"line":50},"5":{"name":"(anonymous_5)","decl":{"start":{"line":62,"column":21},"end":{"line":62,"column":22}},"loc":{"start":{"line":62,"column":32},"end":{"line":66,"column":9}},"line":62},"6":{"name":"(anonymous_6)","decl":{"start":{"line":69,"column":29},"end":{"line":69,"column":30}},"loc":{"start":{"line":69,"column":37},"end":{"line":80,"column":9}},"line":69},"7":{"name":"(anonymous_7)","decl":{"start":{"line":81,"column":27},"end":{"line":81,"column":28}},"loc":{"start":{"line":81,"column":35},"end":{"line":92,"column":9}},"line":81},"8":{"name":"(anonymous_8)","decl":{"start":{"line":86,"column":25},"end":{"line":86,"column":26}},"loc":{"start":{"line":86,"column":36},"end":{"line":90,"column":13}},"line":86},"9":{"name":"dynamicThrowOff","decl":{"start":{"line":96,"column":9},"end":{"line":96,"column":24}},"loc":{"start":{"line":96,"column":27},"end":{"line":105,"column":1}},"line":96},"10":{"name":"throwBall","decl":{"start":{"line":107,"column":9},"end":{"line":107,"column":18}},"loc":{"start":{"line":107,"column":21},"end":{"line":143,"column":1}},"line":107},"11":{"name":"drawBall","decl":{"start":{"line":145,"column":9},"end":{"line":145,"column":17}},"loc":{"start":{"line":145,"column":20},"end":{"line":155,"column":1}},"line":145},"12":{"name":"throwAndChase","decl":{"start":{"line":156,"column":9},"end":{"line":156,"column":22}},"loc":{"start":{"line":156,"column":29},"end":{"line":164,"column":1}},"line":156},"13":{"name":"(anonymous_13)","decl":{"start":{"line":159,"column":17},"end":{"line":159,"column":18}},"loc":{"start":{"line":159,"column":28},"end":{"line":163,"column":5}},"line":159}},"branchMap":{"0":{"loc":{"start":{"line":13,"column":4},"end":{"line":27,"column":5}},"type":"if","locations":[{"start":{"line":13,"column":4},"end":{"line":27,"column":5}},{"start":{"line":13,"column":4},"end":{"line":27,"column":5}}],"line":13},"1":{"loc":{"start":{"line":16,"column":9},"end":{"line":27,"column":5}},"type":"if","locations":[{"start":{"line":16,"column":9},"end":{"line":27,"column":5}},{"start":{"line":16,"column":9},"end":{"line":27,"column":5}}],"line":16},"2":{"loc":{"start":{"line":19,"column":9},"end":{"line":27,"column":5}},"type":"if","locations":[{"start":{"line":19,"column":9},"end":{"line":27,"column":5}},{"start":{"line":19,"column":9},"end":{"line":27,"column":5}}],"line":19},"3":{"loc":{"start":{"line":22,"column":9},"end":{"line":27,"column":5}},"type":"if","locations":[{"start":{"line":22,"column":9},"end":{"line":27,"column":5}},{"start":{"line":22,"column":9},"end":{"line":27,"column":5}}],"line":22},"4":{"loc":{"start":{"line":36,"column":4},"end":{"line":38,"column":5}},"type":"if","locations":[{"start":{"line":36,"column":4},"end":{"line":38,"column":5}},{"start":{"line":36,"column":4},"end":{"line":38,"column":5}}],"line":36},"5":{"loc":{"start":{"line":39,"column":4},"end":{"line":41,"column":5}},"type":"if","locations":[{"start":{"line":39,"column":4},"end":{"line":41,"column":5}},{"start":{"line":39,"column":4},"end":{"line":41,"column":5}}],"line":39},"6":{"loc":{"start":{"line":51,"column":8},"end":{"line":53,"column":9}},"type":"if","locations":[{"start":{"line":51,"column":8},"end":{"line":53,"column":9}},{"start":{"line":51,"column":8},"end":{"line":53,"column":9}}],"line":51},"7":{"loc":{"start":{"line":54,"column":8},"end":{"line":56,"column":9}},"type":"if","locations":[{"start":{"line":54,"column":8},"end":{"line":56,"column":9}},{"start":{"line":54,"column":8},"end":{"line":56,"column":9}}],"line":54},"8":{"loc":{"start":{"line":63,"column":12},"end":{"line":65,"column":13}},"type":"if","locations":[{"start":{"line":63,"column":12},"end":{"line":65,"column":13}},{"start":{"line":63,"column":12},"end":{"line":65,"column":13}}],"line":63},"9":{"loc":{"start":{"line":63,"column":16},"end":{"line":63,"column":44}},"type":"binary-expr","locations":[{"start":{"line":63,"column":16},"end":{"line":63,"column":34}},{"start":{"line":63,"column":38},"end":{"line":63,"column":44}}],"line":63},"10":{"loc":{"start":{"line":71,"column":12},"end":{"line":73,"column":13}},"type":"if","locations":[{"start":{"line":71,"column":12},"end":{"line":73,"column":13}},{"start":{"line":71,"column":12},"end":{"line":73,"column":13}}],"line":71},"11":{"loc":{"start":{"line":87,"column":16},"end":{"line":89,"column":17}},"type":"if","locations":[{"start":{"line":87,"column":16},"end":{"line":89,"column":17}},{"start":{"line":87,"column":16},"end":{"line":89,"column":17}}],"line":87},"12":{"loc":{"start":{"line":87,"column":20},"end":{"line":87,"column":48}},"type":"binary-expr","locations":[{"start":{"line":87,"column":20},"end":{"line":87,"column":38}},{"start":{"line":87,"column":42},"end":{"line":87,"column":48}}],"line":87},"13":{"loc":{"start":{"line":99,"column":4},"end":{"line":101,"column":5}},"type":"if","locations":[{"start":{"line":99,"column":4},"end":{"line":101,"column":5}},{"start":{"line":99,"column":4},"end":{"line":101,"column":5}}],"line":99},"14":{"loc":{"start":{"line":102,"column":4},"end":{"line":104,"column":5}},"type":"if","locations":[{"start":{"line":102,"column":4},"end":{"line":104,"column":5}},{"start":{"line":102,"column":4},"end":{"line":104,"column":5}}],"line":102},"15":{"loc":{"start":{"line":108,"column":4},"end":{"line":110,"column":5}},"type":"if","locations":[{"start":{"line":108,"column":4},"end":{"line":110,"column":5}},{"start":{"line":108,"column":4},"end":{"line":110,"column":5}}],"line":108},"16":{"loc":{"start":{"line":111,"column":4},"end":{"line":113,"column":5}},"type":"if","locations":[{"start":{"line":111,"column":4},"end":{"line":113,"column":5}},{"start":{"line":111,"column":4},"end":{"line":113,"column":5}}],"line":111},"17":{"loc":{"start":{"line":117,"column":4},"end":{"line":119,"column":5}},"type":"if","locations":[{"start":{"line":117,"column":4},"end":{"line":119,"column":5}},{"start":{"line":117,"column":4},"end":{"line":119,"column":5}}],"line":117},"18":{"loc":{"start":{"line":121,"column":4},"end":{"line":128,"column":5}},"type":"if","locations":[{"start":{"line":121,"column":4},"end":{"line":128,"column":5}},{"start":{"line":121,"column":4},"end":{"line":128,"column":5}}],"line":121},"19":{"loc":{"start":{"line":125,"column":9},"end":{"line":128,"column":5}},"type":"if","locations":[{"start":{"line":125,"column":9},"end":{"line":128,"column":5}},{"start":{"line":125,"column":9},"end":{"line":128,"column":5}}],"line":125},"20":{"loc":{"start":{"line":129,"column":4},"end":{"line":138,"column":5}},"type":"if","locations":[{"start":{"line":129,"column":4},"end":{"line":138,"column":5}},{"start":{"line":129,"column":4},"end":{"line":138,"column":5}}],"line":129},"21":{"loc":{"start":{"line":135,"column":9},"end":{"line":138,"column":5}},"type":"if","locations":[{"start":{"line":135,"column":9},"end":{"line":138,"column":5}},{"start":{"line":135,"column":9},"end":{"line":138,"column":5}}],"line":135},"22":{"loc":{"start":{"line":146,"column":4},"end":{"line":148,"column":5}},"type":"if","locations":[{"start":{"line":146,"column":4},"end":{"line":148,"column":5}},{"start":{"line":146,"column":4},"end":{"line":148,"column":5}}],"line":146},"23":{"loc":{"start":{"line":160,"column":8},"end":{"line":162,"column":9}},"type":"if","locations":[{"start":{"line":160,"column":8},"end":{"line":162,"column":9}},{"start":{"line":160,"column":8},"end":{"line":162,"column":9}}],"line":160},"24":{"loc":{"start":{"line":160,"column":12},"end":{"line":160,"column":40}},"type":"binary-expr","locations":[{"start":{"line":160,"column":12},"end":{"line":160,"column":30}},{"start":{"line":160,"column":34},"end":{"line":160,"column":40}}],"line":160}},"s":{"0":1,"1":1,"2":1,"3":1,"4":1,"5":1,"6":1,"7":1,"8":112,"9":0,"10":112,"11":0,"12":112,"13":0,"14":112,"15":112,"16":0,"17":112,"18":112,"19":112,"20":1,"21":0,"22":0,"23":0,"24":0,"25":0,"26":0,"27":0,"28":0,"29":0,"30":0,"31":0,"32":0,"33":0,"34":0,"35":0,"36":0,"37":0,"38":0,"39":0,"40":0,"41":0,"42":0,"43":0,"44":0,"45":0,"46":0,"47":0,"48":0,"49":0,"50":0,"51":0,"52":0,"53":0,"54":0,"55":0,"56":0,"57":0,"58":0,"59":0,"60":0,"61":1,"62":112,"63":112,"64":112,"65":0,"66":112,"67":112,"68":1,"69":0,"70":0,"71":0,"72":0,"73":0,"74":0,"75":0,"76":0,"77":0,"78":0,"79":0,"80":0,"81":0,"82":0,"83":0,"84":0,"85":0,"86":0,"87":0,"88":0,"89":0,"90":0,"91":0,"92":0,"93":0,"94":0,"95":1,"96":0,"97":0,"98":0,"99":0,"100":0,"101":0,"102":0,"103":0,"104":0,"105":0,"106":0,"107":0,"108":0,"109":1},"f":{"0":112,"1":112,"2":0,"3":0,"4":0,"5":0,"6":0,"7":0,"8":0,"9":112,"10":0,"11":0,"12":0,"13":0},"b":{"0":[0,112],"1":[0,112],"2":[0,112],"3":[112,0],"4":[0,0],"5":[0,0],"6":[0,0],"7":[0,0],"8":[0,0],"9":[0,0],"10":[0,0],"11":[0,0],"12":[0,0],"13":[0,112],"14":[112,0],"15":[0,0],"16":[0,0],"17":[0,0],"18":[0,0],"19":[0,0],"20":[0,0],"21":[0,0],"22":[0,0],"23":[0,0],"24":[0,0]},"inputSourceMap":{"version":3,"file":"ball.js","sourceRoot":"","sources":["../../src/panel/ball.ts"],"names":[],"mappings":";;;AAEA,qCAAqC;AAErC,yEAAyE;AACzE,MAAM,OAAO,GAAW,GAAG,EACvB,OAAO,GAAW,GAAG,EACrB,QAAQ,GAAW,GAAG,EACtB,QAAQ,GAAW,IAAI,GAAG,EAAE,CAAC,CAAC,wBAAwB;AAC1D,IAAI,IAAI,GAAW,CAAC,CAAC,CAAC,YAAY;AAClC,IAAI,SAAoB,CAAC;AAEzB,IAAI,MAAgC,CAAC;AACrC,IAAI,UAAkB,CAAC;AACvB,IAAI,KAAa,CAAC;AAElB,SAAS,mBAAmB,CAAC,IAAa;IACtC,IAAI,IAAI,8BAAiB,EAAE;QACvB,OAAO,CAAC,CAAC;KACZ;SAAM,IAAI,IAAI,gCAAkB,EAAE;QAC/B,OAAO,CAAC,CAAC;KACZ;SAAM,IAAI,IAAI,kCAAmB,EAAE;QAChC,OAAO,CAAC,CAAC;KACZ;SAAM,IAAI,IAAI,gCAAkB,EAAE;QAC/B,OAAO,CAAC,CAAC;KACZ;SAAM;QACH,OAAO,CAAC,CAAC,CAAC,QAAQ;KACrB;AACL,CAAC;AAED,SAAgB,iBAAiB,CAC7B,UAAkB,EAClB,OAAgB,EAChB,MAAc;IAEd,MAAM,GAAG,QAAQ,CAAC,cAAc,CAAC,UAAU,CAAsB,CAAC;IAClE,UAAU,GAAG,mBAAmB,CAAC,OAAO,CAAC,CAAC;IAC1C,KAAK,GAAG,MAAM,CAAC;AACnB,CAAC;AARD,8CAQC;AAED,SAAS,SAAS;IACd,IAAI,SAAS,EAAE;QACX,SAAS,CAAC,MAAM,GAAG,IAAI,CAAC;KAC3B;IACD,IAAI,MAAM,EAAE;QACR,MAAM,CAAC,KAAK,CAAC,OAAO,GAAG,OAAO,CAAC;KAClC;IACD,SAAS,GAAG,IAAI,kBAAS,CAAC,GAAG,EAAE,GAAG,EAAE,CAAC,EAAE,CAAC,CAAC,CAAC;AAC9C,CAAC;AAED,SAAgB,cAAc,CAAC,IAAkB;IAC7C,IAAI,WAAmB,CAAC;IACxB,IAAI,WAAmB,CAAC;IACxB,IAAI,SAAiB,CAAC;IACtB,IAAI,SAAiB,CAAC;IACtB,OAAO,CAAC,GAAG,CAAC,wBAAwB,CAAC,CAAC;IACtC,MAAM,CAAC,WAAW,GAAG,CAAC,CAAC,EAAE,EAAE;QACvB,IAAI,SAAS,EAAE;YACX,SAAS,CAAC,MAAM,GAAG,IAAI,CAAC;SAC3B;QACD,IAAI,MAAM,EAAE;YACR,MAAM,CAAC,KAAK,CAAC,OAAO,GAAG,OAAO,CAAC;SAClC;QACD,SAAS,GAAG,CAAC,CAAC,OAAO,CAAC;QACtB,SAAS,GAAG,CAAC,CAAC,OAAO,CAAC;QACtB,WAAW,GAAG,CAAC,CAAC,OAAO,CAAC;QACxB,WAAW,GAAG,CAAC,CAAC,OAAO,CAAC;QACxB,SAAS,GAAG,IAAI,kBAAS,CAAC,CAAC,CAAC,OAAO,EAAE,CAAC,CAAC,OAAO,EAAE,CAAC,EAAE,CAAC,CAAC,CAAC;QAEtD,IAAI,CAAC,OAAO,CAAC,CAAC,KAAK,EAAE,EAAE;YACnB,IAAI,KAAK,CAAC,GAAG,CAAC,QAAQ,IAAI,MAAM,EAAE;gBAC9B,KAAK,CAAC,GAAG,CAAC,KAAK,CAAC,SAAS,EAAE,MAAM,CAAC,CAAC;aACtC;QACL,CAAC,CAAC,CAAC;QACH,SAAS,CAAC,MAAM,GAAG,IAAI,CAAC;QAExB,QAAQ,EAAE,CAAC;QAEX,MAAM,CAAC,WAAW,GAAG,CAAC,EAAE,EAAE,EAAE;YACxB,EAAE,CAAC,cAAc,EAAE,CAAC;YACpB,IAAI,SAAS,EAAE;gBACX,SAAS,CAAC,MAAM,GAAG,IAAI,CAAC;aAC3B;YACD,WAAW,GAAG,SAAS,CAAC;YACxB,WAAW,GAAG,SAAS,CAAC;YACxB,SAAS,GAAG,EAAE,CAAC,OAAO,CAAC;YACvB,SAAS,GAAG,EAAE,CAAC,OAAO,CAAC;YACvB,SAAS,GAAG,IAAI,kBAAS,CAAC,EAAE,CAAC,OAAO,EAAE,EAAE,CAAC,OAAO,EAAE,CAAC,EAAE,CAAC,CAAC,CAAC;YACxD,QAAQ,EAAE,CAAC;QACf,CAAC,CAAC;QACF,MAAM,CAAC,SAAS,GAAG,CAAC,EAAE,EAAE,EAAE;YACtB,EAAE,CAAC,cAAc,EAAE,CAAC;YACpB,MAAM,CAAC,SAAS,GAAG,IAAI,CAAC;YACxB,MAAM,CAAC,WAAW,GAAG,IAAI,CAAC;YAE1B,SAAS,GAAG,IAAI,kBAAS,CACrB,SAAS,EACT,SAAS,EACT,SAAS,GAAG,WAAW,EACvB,SAAS,GAAG,WAAW,CAC1B,CAAC;YACF,IAAI,CAAC,OAAO,CAAC,CAAC,KAAK,EAAE,EAAE;gBACnB,IAAI,KAAK,CAAC,GAAG,CAAC,QAAQ,IAAI,MAAM,EAAE;oBAC9B,KAAK,CAAC,GAAG,CAAC,KAAK,CAAC,SAAS,EAAE,MAAM,CAAC,CAAC;iBACtC;YACL,CAAC,CAAC,CAAC;YACH,SAAS,EAAE,CAAC;QAChB,CAAC,CAAC;IACN,CAAC,CAAC;AACN,CAAC;AA3DD,wCA2DC;AAED,SAAgB,eAAe;IAC3B,OAAO,CAAC,GAAG,CAAC,yBAAyB,CAAC,CAAC;IACvC,MAAM,CAAC,WAAW,GAAG,IAAI,CAAC;IAC1B,IAAI,SAAS,EAAE;QACX,SAAS,CAAC,MAAM,GAAG,IAAI,CAAC;KAC3B;IACD,IAAI,MAAM,EAAE;QACR,MAAM,CAAC,KAAK,CAAC,OAAO,GAAG,MAAM,CAAC;KACjC;AACL,CAAC;AATD,0CASC;AAED,SAAgB,SAAS;IACrB,IAAI,CAAC,MAAM,EAAE;QACT,OAAO;KACV;IAED,IAAI,CAAC,SAAS,CAAC,MAAM,EAAE;QACnB,qBAAqB,CAAC,SAAS,CAAC,CAAC;KACpC;IAED,4BAA4B;IAC5B,MAAM,GAAG,GAAG,IAAI,CAAC,GAAG,EAAE,CAAC;IACvB,MAAM,OAAO,GAAG,GAAG,GAAG,IAAI,CAAC;IAC3B,IAAI,OAAO,IAAI,QAAQ,EAAE;QACrB,OAAO;KACV;IACD,IAAI,GAAG,GAAG,GAAG,CAAC,OAAO,GAAG,QAAQ,CAAC,CAAC;IAElC,IAAI,SAAS,CAAC,EAAE,GAAG,UAAU,IAAI,MAAM,CAAC,KAAK,EAAE;QAC3C,SAAS,CAAC,EAAE,GAAG,CAAC,SAAS,CAAC,EAAE,GAAG,OAAO,CAAC;QACvC,SAAS,CAAC,EAAE,GAAG,MAAM,CAAC,KAAK,GAAG,UAAU,CAAC;KAC5C;SAAM,IAAI,SAAS,CAAC,EAAE,GAAG,UAAU,IAAI,CAAC,EAAE;QACvC,SAAS,CAAC,EAAE,GAAG,CAAC,SAAS,CAAC,EAAE,GAAG,OAAO,CAAC;QACvC,SAAS,CAAC,EAAE,GAAG,UAAU,CAAC;KAC7B;IACD,IAAI,SAAS,CAAC,EAAE,GAAG,UAAU,GAAG,KAAK,IAAI,MAAM,CAAC,MAAM,EAAE;QACpD,SAAS,CAAC,EAAE,GAAG,CAAC,SAAS,CAAC,EAAE,GAAG,OAAO,CAAC;QACvC,SAAS,CAAC,EAAE,GAAG,MAAM,CAAC,MAAM,GAAG,UAAU,GAAG,KAAK,CAAC;QAClD,gBAAgB;QAChB,SAAS,CAAC,EAAE,IAAI,QAAQ,CAAC;KAC5B;SAAM,IAAI,SAAS,CAAC,EAAE,GAAG,UAAU,IAAI,CAAC,EAAE;QACvC,SAAS,CAAC,EAAE,GAAG,CAAC,SAAS,CAAC,EAAE,GAAG,OAAO,CAAC;QACvC,SAAS,CAAC,EAAE,GAAG,UAAU,CAAC;KAC7B;IAED,SAAS,CAAC,EAAE,IAAI,OAAO,CAAC;IAExB,SAAS,CAAC,EAAE,IAAI,SAAS,CAAC,EAAE,CAAC;IAC7B,SAAS,CAAC,EAAE,IAAI,SAAS,CAAC,EAAE,CAAC;IAC7B,QAAQ,EAAE,CAAC;AACf,CAAC;AAvCD,8BAuCC;AAED,SAAS,QAAQ;IACb,IAAI,CAAC,MAAM,EAAE;QACT,OAAO;KACV;IACD,MAAM,GAAG,GAAG,MAAM,CAAC,UAAU,CAAC,IAAI,CAA6B,CAAC;IAChE,GAAG,CAAC,SAAS,CAAC,CAAC,EAAE,CAAC,EAAE,MAAM,CAAC,KAAK,EAAE,MAAM,CAAC,MAAM,CAAC,CAAC;IAEjD,GAAG,CAAC,SAAS,EAAE,CAAC;IAChB,GAAG,CAAC,GAAG,CAAC,SAAS,CAAC,EAAE,EAAE,SAAS,CAAC,EAAE,EAAE,UAAU,EAAE,CAAC,EAAE,CAAC,GAAG,IAAI,CAAC,EAAE,EAAE,KAAK,CAAC,CAAC;IACvE,GAAG,CAAC,SAAS,GAAG,SAAS,CAAC;IAC1B,GAAG,CAAC,IAAI,EAAE,CAAC;AACf,CAAC;AAED,SAAgB,aAAa,CAAC,IAAkB;IAC5C,SAAS,EAAE,CAAC;IACZ,SAAS,EAAE,CAAC;IACZ,IAAI,CAAC,OAAO,CAAC,CAAC,KAAK,EAAE,EAAE;QACnB,IAAI,KAAK,CAAC,GAAG,CAAC,QAAQ,IAAI,MAAM,EAAE;YAC9B,KAAK,CAAC,GAAG,CAAC,KAAK,CAAC,SAAS,EAAE,MAAM,CAAC,CAAC;SACtC;IACL,CAAC,CAAC,CAAC;AACP,CAAC;AARD,sCAQC"},"_coverageSchema":"1a1c01bbd47fc00a2c39e90264f33305004495a9","hash":"334827173fe0d4ef540baf32d0d2d682da71474e"}}